2025-05-14 14:52:05,041 - Starting ball and beam simulation
2025-05-14 14:52:05,454 - 
=== Test Case: Standard Case ===
2025-05-14 14:52:05,454 - 
Running simulation with ImprovedFuzzyController...
2025-05-14 14:52:06,469 - Time: 0.05s | Pos: 0.0026m | Error: 0.4974m | Vel: 0.0941m/s
2025-05-14 14:52:06,469 - Scaled Error: 0.9948 | Scaled dError: -0.1176
2025-05-14 14:52:06,487 - Control output: Beam angle = 0.2368 rad

2025-05-14 14:52:07,426 - Time: 0.07s | Pos: 0.0045m | Error: 0.4955m | Vel: 0.1214m/s
2025-05-14 14:52:07,427 - Scaled Error: 0.9909 | Scaled dError: -0.1517
2025-05-14 14:52:07,446 - Control output: Beam angle = 0.2000 rad

2025-05-14 14:52:08,395 - Time: 0.13s | Pos: 0.0138m | Error: 0.4862m | Vel: 0.2012m/s
2025-05-14 14:52:08,395 - Scaled Error: 0.9724 | Scaled dError: -0.2515
2025-05-14 14:52:08,414 - Control output: Beam angle = 0.1991 rad

2025-05-14 14:52:09,320 - Time: 0.25s | Pos: 0.0449m | Error: 0.4551m | Vel: 0.3169m/s
2025-05-14 14:52:09,321 - Scaled Error: 0.9102 | Scaled dError: -0.3961
2025-05-14 14:52:09,340 - Control output: Beam angle = 0.0817 rad

2025-05-14 14:52:10,233 - Time: 0.41s | Pos: 0.1040m | Error: 0.3960m | Vel: 0.4028m/s
2025-05-14 14:52:10,233 - Scaled Error: 0.7920 | Scaled dError: -0.5036
2025-05-14 14:52:10,252 - Control output: Beam angle = 0.0744 rad

2025-05-14 14:52:11,156 - Time: 0.50s | Pos: 0.1404m | Error: 0.3596m | Vel: 0.4410m/s
2025-05-14 14:52:11,156 - Scaled Error: 0.7192 | Scaled dError: -0.5512
2025-05-14 14:52:11,175 - Control output: Beam angle = 0.0404 rad

2025-05-14 14:52:12,090 - Time: 0.79s | Pos: 0.2733m | Error: 0.2267m | Vel: 0.4477m/s
2025-05-14 14:52:12,091 - Scaled Error: 0.4534 | Scaled dError: -0.5596
2025-05-14 14:52:12,111 - Control output: Beam angle = -0.0192 rad

2025-05-14 14:52:13,094 - Time: 0.86s | Pos: 0.3041m | Error: 0.1959m | Vel: 0.4379m/s
2025-05-14 14:52:13,095 - Scaled Error: 0.3917 | Scaled dError: -0.5474
2025-05-14 14:52:13,115 - Control output: Beam angle = -0.0407 rad

2025-05-14 14:52:14,084 - Time: 1.04s | Pos: 0.3784m | Error: 0.1216m | Vel: 0.3566m/s
2025-05-14 14:52:14,084 - Scaled Error: 0.2432 | Scaled dError: -0.4458
2025-05-14 14:52:14,106 - Control output: Beam angle = -0.0750 rad

2025-05-14 14:52:15,035 - Time: 1.11s | Pos: 0.4003m | Error: 0.0997m | Vel: 0.3230m/s
2025-05-14 14:52:15,035 - Scaled Error: 0.1994 | Scaled dError: -0.4038
2025-05-14 14:52:15,053 - Control output: Beam angle = -0.0750 rad

2025-05-14 14:52:15,983 - Time: 1.27s | Pos: 0.4467m | Error: 0.0533m | Vel: 0.2570m/s
2025-05-14 14:52:15,983 - Scaled Error: 0.1066 | Scaled dError: -0.3213
2025-05-14 14:52:16,001 - Control output: Beam angle = -0.0434 rad

2025-05-14 14:52:16,943 - Time: 1.42s | Pos: 0.4802m | Error: 0.0198m | Vel: 0.1917m/s
2025-05-14 14:52:16,944 - Scaled Error: 0.0395 | Scaled dError: -0.2396
2025-05-14 14:52:16,961 - Control output: Beam angle = -0.0750 rad

2025-05-14 14:52:17,958 - Time: 1.55s | Pos: 0.5003m | Error: -0.0003m | Vel: 0.1250m/s
2025-05-14 14:52:17,958 - Scaled Error: -0.0007 | Scaled dError: -0.1563
2025-05-14 14:52:17,979 - Control output: Beam angle = -0.0750 rad

2025-05-14 14:52:18,917 - Time: 1.68s | Pos: 0.5134m | Error: -0.0134m | Vel: 0.0691m/s
2025-05-14 14:52:18,917 - Scaled Error: -0.0268 | Scaled dError: -0.0864
2025-05-14 14:52:18,935 - Control output: Beam angle = -0.0382 rad

2025-05-14 14:52:19,862 - Time: 1.93s | Pos: 0.5258m | Error: -0.0258m | Vel: 0.0418m/s
2025-05-14 14:52:19,863 - Scaled Error: -0.0516 | Scaled dError: -0.0522
2025-05-14 14:52:19,884 - Control output: Beam angle = -0.0033 rad

2025-05-14 14:52:20,829 - Time: 2.18s | Pos: 0.5340m | Error: -0.0340m | Vel: 0.0171m/s
2025-05-14 14:52:20,829 - Scaled Error: -0.0679 | Scaled dError: -0.0213
2025-05-14 14:52:20,846 - Control output: Beam angle = -0.0220 rad

2025-05-14 14:52:21,806 - Time: 2.52s | Pos: 0.5305m | Error: -0.0305m | Vel: -0.0342m/s
2025-05-14 14:52:21,807 - Scaled Error: -0.0611 | Scaled dError: 0.0428
2025-05-14 14:52:21,830 - Control output: Beam angle = -0.0146 rad

2025-05-14 14:52:22,814 - Time: 2.64s | Pos: 0.5261m | Error: -0.0261m | Vel: -0.0413m/s
2025-05-14 14:52:22,815 - Scaled Error: -0.0522 | Scaled dError: 0.0516
2025-05-14 14:52:22,833 - Control output: Beam angle = -0.0008 rad

2025-05-14 14:52:23,809 - Time: 3.18s | Pos: 0.5046m | Error: -0.0046m | Vel: -0.0393m/s
2025-05-14 14:52:23,809 - Scaled Error: -0.0093 | Scaled dError: 0.0491
2025-05-14 14:52:23,829 - Control output: Beam angle = 0.0001 rad

2025-05-14 14:52:24,786 - Time: 3.92s | Pos: 0.4755m | Error: 0.0245m | Vel: -0.0392m/s
2025-05-14 14:52:24,787 - Scaled Error: 0.0489 | Scaled dError: 0.0490
2025-05-14 14:52:24,830 - Control output: Beam angle = 0.0000 rad

2025-05-14 14:52:25,791 - Time: 4.15s | Pos: 0.4678m | Error: 0.0322m | Vel: -0.0234m/s
2025-05-14 14:52:25,791 - Scaled Error: 0.0643 | Scaled dError: 0.0292
2025-05-14 14:52:25,812 - Control output: Beam angle = 0.0182 rad

2025-05-14 14:52:26,748 - Time: 4.36s | Pos: 0.4660m | Error: 0.0340m | Vel: 0.0080m/s
2025-05-14 14:52:26,748 - Scaled Error: 0.0680 | Scaled dError: -0.0099
2025-05-14 14:52:26,766 - Control output: Beam angle = 0.0220 rad

2025-05-14 14:52:27,714 - Time: 4.66s | Pos: 0.4742m | Error: 0.0258m | Vel: 0.0390m/s
2025-05-14 14:52:27,714 - Scaled Error: 0.0517 | Scaled dError: -0.0487
2025-05-14 14:52:27,733 - Control output: Beam angle = 0.0024 rad

2025-05-14 14:52:28,690 - Time: 4.77s | Pos: 0.4786m | Error: 0.0214m | Vel: 0.0392m/s
2025-05-14 14:52:28,690 - Scaled Error: 0.0428 | Scaled dError: -0.0491
2025-05-14 14:52:28,711 - Control output: Beam angle = -0.0000 rad

2025-05-14 14:52:29,660 - Time: 0.41s | Pos: 0.1036m | Error: 0.3964m | Vel: 0.4023m/s
2025-05-14 14:52:29,660 - Scaled Error: 0.7928 | Scaled dError: -0.5029
2025-05-14 14:52:29,679 - Control output: Beam angle = 0.0745 rad

2025-05-14 14:52:30,671 - Time: 0.91s | Pos: 0.3262m | Error: 0.1738m | Vel: 0.4170m/s
2025-05-14 14:52:30,671 - Scaled Error: 0.3476 | Scaled dError: -0.5212
2025-05-14 14:52:30,692 - Control output: Beam angle = -0.0593 rad

2025-05-14 14:52:31,705 - Time: 1.41s | Pos: 0.4787m | Error: 0.0213m | Vel: 0.1960m/s
2025-05-14 14:52:31,706 - Scaled Error: 0.0427 | Scaled dError: -0.2449
2025-05-14 14:52:31,728 - Control output: Beam angle = -0.0750 rad

2025-05-14 14:52:32,670 - Time: 1.91s | Pos: 0.5250m | Error: -0.0250m | Vel: 0.0423m/s
2025-05-14 14:52:32,670 - Scaled Error: -0.0500 | Scaled dError: -0.0529
2025-05-14 14:52:32,687 - Control output: Beam angle = -0.0041 rad

2025-05-14 14:52:33,653 - Time: 2.41s | Pos: 0.5336m | Error: -0.0336m | Vel: -0.0197m/s
2025-05-14 14:52:33,653 - Scaled Error: -0.0673 | Scaled dError: 0.0247
2025-05-14 14:52:33,672 - Control output: Beam angle = -0.0213 rad

2025-05-14 14:52:34,701 - Time: 2.91s | Pos: 0.5152m | Error: -0.0152m | Vel: -0.0396m/s
2025-05-14 14:52:34,701 - Scaled Error: -0.0303 | Scaled dError: 0.0495
2025-05-14 14:52:34,721 - Control output: Beam angle = 0.0003 rad

2025-05-14 14:52:35,711 - Time: 3.41s | Pos: 0.4955m | Error: 0.0045m | Vel: -0.0393m/s
2025-05-14 14:52:35,712 - Scaled Error: 0.0090 | Scaled dError: 0.0491
2025-05-14 14:52:35,733 - Control output: Beam angle = 0.0000 rad

2025-05-14 14:52:36,674 - Time: 3.91s | Pos: 0.4759m | Error: 0.0241m | Vel: -0.0392m/s
2025-05-14 14:52:36,675 - Scaled Error: 0.0483 | Scaled dError: 0.0490
2025-05-14 14:52:36,693 - Control output: Beam angle = 0.0000 rad

2025-05-14 14:52:37,651 - Time: 4.41s | Pos: 0.4666m | Error: 0.0334m | Vel: 0.0157m/s
2025-05-14 14:52:37,651 - Scaled Error: 0.0667 | Scaled dError: -0.0196
2025-05-14 14:52:37,671 - Control output: Beam angle = 0.0208 rad

2025-05-14 14:52:38,688 - Time: 4.91s | Pos: 0.4839m | Error: 0.0161m | Vel: 0.0392m/s
2025-05-14 14:52:38,688 - Scaled Error: 0.0321 | Scaled dError: -0.0490
2025-05-14 14:52:38,709 - Control output: Beam angle = -0.0000 rad

2025-05-14 14:52:38,864 - 
Performance Metrics:
2025-05-14 14:52:38,865 - Settling Time: 3.050 s
2025-05-14 14:52:38,865 - Overshoot: 6.97%
2025-05-14 14:52:38,865 - Steady-State Error: 0.012920 m
2025-05-14 14:53:41,311 - 
Running simulation with OptimizedPIDController...
2025-05-14 14:53:41,314 - Time: 0.00s | Pos: 0.0000m | Error: 0.5000m | Vel: 0.0029m/s
2025-05-14 14:53:41,314 - P term: 0.3500 | I term: 0.0015 | D term: -0.0035
2025-05-14 14:53:41,315 - PID output: Beam angle = 0.3479 rad

2025-05-14 14:53:41,316 - Time: 0.01s | Pos: 0.0000m | Error: 0.5000m | Vel: 0.0126m/s
2025-05-14 14:53:41,316 - P term: 0.3500 | I term: 0.0027 | D term: -0.0151
2025-05-14 14:53:41,316 - PID output: Beam angle = 0.3376 rad

2025-05-14 14:53:41,319 - Time: 0.02s | Pos: 0.0005m | Error: 0.4995m | Vel: 0.0446m/s
2025-05-14 14:53:41,319 - P term: 0.3497 | I term: 0.0040 | D term: -0.0535
2025-05-14 14:53:41,319 - PID output: Beam angle = 0.3002 rad

2025-05-14 14:53:41,320 - Time: 0.07s | Pos: 0.0045m | Error: 0.4955m | Vel: 0.1241m/s
2025-05-14 14:53:41,320 - P term: 0.3469 | I term: 0.0057 | D term: -0.1489
2025-05-14 14:53:41,321 - PID output: Beam angle = 0.2037 rad

2025-05-14 14:53:41,322 - Time: 0.22s | Pos: 0.0357m | Error: 0.4643m | Vel: 0.2425m/s
2025-05-14 14:53:41,322 - P term: 0.3250 | I term: 0.0097 | D term: -0.2910
2025-05-14 14:53:41,322 - PID output: Beam angle = 0.0436 rad

2025-05-14 14:53:41,325 - Time: 0.54s | Pos: 0.1152m | Error: 0.3848m | Vel: 0.2500m/s
2025-05-14 14:53:41,325 - P term: 0.2693 | I term: 0.0164 | D term: -0.3001
2025-05-14 14:53:41,325 - PID output: Beam angle = -0.0143 rad

2025-05-14 14:53:41,328 - Time: 0.95s | Pos: 0.2082m | Error: 0.2918m | Vel: 0.2031m/s
2025-05-14 14:53:41,328 - P term: 0.2043 | I term: 0.0234 | D term: -0.2437
2025-05-14 14:53:41,328 - PID output: Beam angle = -0.0160 rad

2025-05-14 14:53:41,330 - Time: 1.46s | Pos: 0.2992m | Error: 0.2008m | Vel: 0.1522m/s
2025-05-14 14:53:41,330 - P term: 0.1405 | I term: 0.0298 | D term: -0.1826
2025-05-14 14:53:41,330 - PID output: Beam angle = -0.0123 rad

2025-05-14 14:53:41,333 - Time: 2.06s | Pos: 0.3769m | Error: 0.1231m | Vel: 0.1080m/s
2025-05-14 14:53:41,333 - P term: 0.0862 | I term: 0.0346 | D term: -0.1296
2025-05-14 14:53:41,333 - PID output: Beam angle = -0.0089 rad

2025-05-14 14:53:41,335 - Time: 2.71s | Pos: 0.4349m | Error: 0.0651m | Vel: 0.0745m/s
2025-05-14 14:53:41,335 - P term: 0.0456 | I term: 0.0376 | D term: -0.0894
2025-05-14 14:53:41,336 - PID output: Beam angle = -0.0062 rad

2025-05-14 14:53:41,337 - Time: 3.49s | Pos: 0.4816m | Error: 0.0184m | Vel: 0.0467m/s
2025-05-14 14:53:41,337 - P term: 0.0129 | I term: 0.0391 | D term: -0.0561
2025-05-14 14:53:41,338 - PID output: Beam angle = -0.0041 rad

2025-05-14 14:53:41,339 - Time: 4.54s | Pos: 0.5176m | Error: -0.0176m | Vel: 0.0241m/s
2025-05-14 14:53:41,339 - P term: -0.0123 | I term: 0.0390 | D term: -0.0289
2025-05-14 14:53:41,339 - PID output: Beam angle = -0.0023 rad

2025-05-14 14:53:41,341 - Time: 0.29s | Pos: 0.0522m | Error: 0.4478m | Vel: 0.2560m/s
2025-05-14 14:53:41,341 - P term: 0.3135 | I term: 0.0454 | D term: -0.3072
2025-05-14 14:53:41,341 - PID output: Beam angle = 0.0517 rad

2025-05-14 14:53:41,341 - Time: 0.79s | Pos: 0.1753m | Error: 0.3247m | Vel: 0.2209m/s
2025-05-14 14:53:41,342 - P term: 0.2273 | I term: 0.0500 | D term: -0.2651
2025-05-14 14:53:41,342 - PID output: Beam angle = 0.0122 rad

2025-05-14 14:53:41,344 - Time: 1.29s | Pos: 0.2719m | Error: 0.2281m | Vel: 0.1675m/s
2025-05-14 14:53:41,344 - P term: 0.1597 | I term: 0.0500 | D term: -0.2011
2025-05-14 14:53:41,344 - PID output: Beam angle = 0.0086 rad

2025-05-14 14:53:41,345 - Time: 1.79s | Pos: 0.3449m | Error: 0.1551m | Vel: 0.1263m/s
2025-05-14 14:53:41,345 - P term: 0.1086 | I term: 0.0500 | D term: -0.1515
2025-05-14 14:53:41,345 - PID output: Beam angle = 0.0070 rad

2025-05-14 14:53:41,346 - Time: 2.29s | Pos: 0.3998m | Error: 0.1002m | Vel: 0.0948m/s
2025-05-14 14:53:41,346 - P term: 0.0701 | I term: 0.0500 | D term: -0.1138
2025-05-14 14:53:41,346 - PID output: Beam angle = 0.0063 rad

2025-05-14 14:53:41,347 - Time: 2.79s | Pos: 0.4410m | Error: 0.0590m | Vel: 0.0709m/s
2025-05-14 14:53:41,347 - P term: 0.0413 | I term: 0.0500 | D term: -0.0851
2025-05-14 14:53:41,347 - PID output: Beam angle = 0.0062 rad

2025-05-14 14:53:41,347 - Time: 3.29s | Pos: 0.4717m | Error: 0.0283m | Vel: 0.0527m/s
2025-05-14 14:53:41,348 - P term: 0.0198 | I term: 0.0500 | D term: -0.0632
2025-05-14 14:53:41,348 - PID output: Beam angle = 0.0066 rad

2025-05-14 14:53:41,349 - Time: 3.79s | Pos: 0.4944m | Error: 0.0056m | Vel: 0.0389m/s
2025-05-14 14:53:41,349 - P term: 0.0039 | I term: 0.0500 | D term: -0.0466
2025-05-14 14:53:41,349 - PID output: Beam angle = 0.0073 rad

2025-05-14 14:53:41,350 - Time: 4.29s | Pos: 0.5111m | Error: -0.0111m | Vel: 0.0284m/s
2025-05-14 14:53:41,350 - P term: -0.0078 | I term: 0.0499 | D term: -0.0340
2025-05-14 14:53:41,350 - PID output: Beam angle = 0.0081 rad

2025-05-14 14:53:41,351 - Time: 4.79s | Pos: 0.5232m | Error: -0.0232m | Vel: 0.0204m/s
2025-05-14 14:53:41,351 - P term: -0.0162 | I term: 0.0495 | D term: -0.0245
2025-05-14 14:53:41,351 - PID output: Beam angle = 0.0088 rad

2025-05-14 14:53:41,353 - 
Performance Metrics:
2025-05-14 14:53:41,353 - Settling Time: 3.690 s
2025-05-14 14:53:41,353 - Overshoot: 5.40%
2025-05-14 14:53:41,354 - Steady-State Error: 0.027008 m
2025-05-14 14:54:07,576 - 
=== Test Case: Distant Start ===
2025-05-14 14:54:07,577 - 
Running simulation with ImprovedFuzzyController...
2025-05-14 14:54:08,388 - Time: 0.07s | Pos: -0.7952m | Error: 1.2952m | Vel: 0.1101m/s
2025-05-14 14:54:08,388 - Scaled Error: 1.0000 | Scaled dError: -0.1377
2025-05-14 14:54:08,406 - Control output: Beam angle = 0.2139 rad

2025-05-14 14:54:09,353 - Time: 0.08s | Pos: -0.7939m | Error: 1.2939m | Vel: 0.1390m/s
2025-05-14 14:54:09,354 - Scaled Error: 1.0000 | Scaled dError: -0.1738
2025-05-14 14:54:09,370 - Control output: Beam angle = 0.2000 rad

2025-05-14 14:54:10,271 - Time: 0.11s | Pos: -0.7894m | Error: 1.2894m | Vel: 0.1791m/s
2025-05-14 14:54:10,272 - Scaled Error: 1.0000 | Scaled dError: -0.2239
2025-05-14 14:54:10,289 - Control output: Beam angle = 0.2000 rad

2025-05-14 14:54:11,186 - Time: 0.24s | Pos: -0.7557m | Error: 1.2557m | Vel: 0.3172m/s
2025-05-14 14:54:11,186 - Scaled Error: 1.0000 | Scaled dError: -0.3965
2025-05-14 14:54:11,206 - Control output: Beam angle = 0.0811 rad

2025-05-14 14:54:12,093 - Time: 0.51s | Pos: -0.6516m | Error: 1.1516m | Vel: 0.4548m/s
2025-05-14 14:54:12,094 - Scaled Error: 1.0000 | Scaled dError: -0.5686
2025-05-14 14:54:12,110 - Control output: Beam angle = 0.0661 rad

2025-05-14 14:54:13,020 - Time: 0.93s | Pos: -0.4302m | Error: 0.9302m | Vel: 0.5841m/s
2025-05-14 14:54:13,021 - Scaled Error: 1.0000 | Scaled dError: -0.7302
2025-05-14 14:54:13,039 - Control output: Beam angle = 0.0177 rad

2025-05-14 14:54:13,983 - Time: 2.04s | Pos: 0.2356m | Error: 0.2644m | Vel: 0.6672m/s
2025-05-14 14:54:13,983 - Scaled Error: 0.5289 | Scaled dError: -0.8340
2025-05-14 14:54:13,999 - Control output: Beam angle = -0.0709 rad

2025-05-14 14:54:14,909 - Time: 1.86s | Pos: 0.1283m | Error: 0.3717m | Vel: 0.6003m/s
2025-05-14 14:54:14,909 - Scaled Error: 0.7435 | Scaled dError: -0.7504
2025-05-14 14:54:14,929 - Control output: Beam angle = -0.0064 rad

2025-05-14 14:54:15,829 - Time: 1.97s | Pos: 0.1904m | Error: 0.3096m | Vel: 0.5783m/s
2025-05-14 14:54:15,829 - Scaled Error: 0.6192 | Scaled dError: -0.7229
2025-05-14 14:54:15,847 - Control output: Beam angle = -0.0351 rad

2025-05-14 14:54:16,756 - Time: 2.19s | Pos: 0.3105m | Error: 0.1895m | Vel: 0.5162m/s
2025-05-14 14:54:16,757 - Scaled Error: 0.3791 | Scaled dError: -0.6452
2025-05-14 14:54:16,774 - Control output: Beam angle = -0.0780 rad

2025-05-14 14:54:17,722 - Time: 2.23s | Pos: 0.3328m | Error: 0.1672m | Vel: 0.4795m/s
2025-05-14 14:54:17,722 - Scaled Error: 0.3344 | Scaled dError: -0.5994
2025-05-14 14:54:17,743 - Control output: Beam angle = -0.1033 rad

2025-05-14 14:54:18,656 - Time: 2.36s | Pos: 0.3889m | Error: 0.1111m | Vel: 0.3975m/s
2025-05-14 14:54:18,656 - Scaled Error: 0.2221 | Scaled dError: -0.4969
2025-05-14 14:54:18,673 - Control output: Beam angle = -0.0750 rad

2025-05-14 14:54:19,594 - Time: 2.89s | Pos: 0.5259m | Error: -0.0259m | Vel: 0.1192m/s
2025-05-14 14:54:19,595 - Scaled Error: -0.0519 | Scaled dError: -0.1490
2025-05-14 14:54:19,611 - Control output: Beam angle = -0.0745 rad

2025-05-14 14:54:20,518 - Time: 3.04s | Pos: 0.5394m | Error: -0.0394m | Vel: 0.0628m/s
2025-05-14 14:54:20,518 - Scaled Error: -0.0787 | Scaled dError: -0.0784
2025-05-14 14:54:20,537 - Control output: Beam angle = -0.0320 rad

2025-05-14 14:54:21,453 - Time: 3.16s | Pos: 0.5449m | Error: -0.0449m | Vel: 0.0331m/s
2025-05-14 14:54:21,454 - Scaled Error: -0.0899 | Scaled dError: -0.0414
2025-05-14 14:54:21,471 - Control output: Beam angle = -0.0408 rad

2025-05-14 14:54:22,430 - Time: 3.41s | Pos: 0.5440m | Error: -0.0440m | Vel: -0.0404m/s
2025-05-14 14:54:22,431 - Scaled Error: -0.0880 | Scaled dError: 0.0505
2025-05-14 14:54:22,450 - Control output: Beam angle = -0.0382 rad

2025-05-14 14:54:23,387 - Time: 3.52s | Pos: 0.5383m | Error: -0.0383m | Vel: -0.0554m/s
2025-05-14 14:54:23,388 - Scaled Error: -0.0765 | Scaled dError: 0.0692
2025-05-14 14:54:23,407 - Control output: Beam angle = -0.0063 rad

2025-05-14 14:54:24,375 - Time: 3.81s | Pos: 0.5231m | Error: -0.0231m | Vel: -0.0442m/s
2025-05-14 14:54:24,376 - Scaled Error: -0.0462 | Scaled dError: 0.0552
2025-05-14 14:54:24,396 - Control output: Beam angle = 0.0073 rad

2025-05-14 14:54:25,302 - Time: 4.14s | Pos: 0.5098m | Error: -0.0098m | Vel: -0.0396m/s
2025-05-14 14:54:25,302 - Scaled Error: -0.0196 | Scaled dError: 0.0495
2025-05-14 14:54:25,319 - Control output: Beam angle = 0.0004 rad

2025-05-14 14:54:26,266 - Time: 5.00s | Pos: 0.4758m | Error: 0.0242m | Vel: -0.0392m/s
2025-05-14 14:54:26,267 - Scaled Error: 0.0483 | Scaled dError: 0.0491
2025-05-14 14:54:26,286 - Control output: Beam angle = 0.0000 rad

2025-05-14 14:54:27,231 - Time: 0.49s | Pos: -0.6615m | Error: 1.1615m | Vel: 0.4446m/s
2025-05-14 14:54:27,232 - Scaled Error: 1.0000 | Scaled dError: -0.5557
2025-05-14 14:54:27,252 - Control output: Beam angle = 0.0678 rad

2025-05-14 14:54:28,179 - Time: 0.99s | Pos: -0.3940m | Error: 0.8940m | Vel: 0.5904m/s
2025-05-14 14:54:28,179 - Scaled Error: 1.0000 | Scaled dError: -0.7379
2025-05-14 14:54:28,198 - Control output: Beam angle = 0.0115 rad

2025-05-14 14:54:29,202 - Time: 1.49s | Pos: -0.0951m | Error: 0.5951m | Vel: 0.5999m/s
2025-05-14 14:54:29,203 - Scaled Error: 1.0000 | Scaled dError: -0.7499
2025-05-14 14:54:29,220 - Control output: Beam angle = 0.0002 rad

2025-05-14 14:54:30,180 - Time: 1.99s | Pos: 0.2035m | Error: 0.2965m | Vel: 0.5730m/s
2025-05-14 14:54:30,180 - Scaled Error: 0.5930 | Scaled dError: -0.7162
2025-05-14 14:54:30,198 - Control output: Beam angle = -0.0319 rad

2025-05-14 14:54:31,149 - Time: 2.49s | Pos: 0.4361m | Error: 0.0639m | Vel: 0.3295m/s
2025-05-14 14:54:31,149 - Scaled Error: 0.1278 | Scaled dError: -0.4119
2025-05-14 14:54:31,170 - Control output: Beam angle = -0.0750 rad

2025-05-14 14:54:32,122 - Time: 2.99s | Pos: 0.5356m | Error: -0.0356m | Vel: 0.0775m/s
2025-05-14 14:54:32,122 - Scaled Error: -0.0711 | Scaled dError: -0.0969
2025-05-14 14:54:32,142 - Control output: Beam angle = -0.0459 rad

2025-05-14 14:54:33,089 - Time: 3.49s | Pos: 0.5400m | Error: -0.0400m | Vel: -0.0534m/s
2025-05-14 14:54:33,089 - Scaled Error: -0.0800 | Scaled dError: 0.0667
2025-05-14 14:54:33,106 - Control output: Beam angle = -0.0115 rad

2025-05-14 14:54:34,052 - Time: 3.99s | Pos: 0.5156m | Error: -0.0156m | Vel: -0.0404m/s
2025-05-14 14:54:34,052 - Scaled Error: -0.0313 | Scaled dError: 0.0504
2025-05-14 14:54:34,071 - Control output: Beam angle = 0.0011 rad

2025-05-14 14:54:35,000 - Time: 4.49s | Pos: 0.4959m | Error: 0.0041m | Vel: -0.0393m/s
2025-05-14 14:54:35,000 - Scaled Error: 0.0083 | Scaled dError: 0.0491
2025-05-14 14:54:35,019 - Control output: Beam angle = 0.0000 rad

2025-05-14 14:54:35,944 - Time: 4.99s | Pos: 0.4762m | Error: 0.0238m | Vel: -0.0392m/s
2025-05-14 14:54:35,945 - Scaled Error: 0.0475 | Scaled dError: 0.0491
2025-05-14 14:54:35,961 - Control output: Beam angle = 0.0000 rad

2025-05-14 14:54:35,963 - 
Performance Metrics:
2025-05-14 14:54:35,963 - Settling Time: 4.140 s
2025-05-14 14:54:35,963 - Overshoot: 9.36%
2025-05-14 14:54:35,963 - Steady-State Error: 0.023769 m
2025-05-14 14:55:17,434 - 
Running simulation with OptimizedPIDController...
2025-05-14 14:55:17,436 - Time: 0.10s | Pos: -0.7871m | Error: 1.2871m | Vel: 0.2688m/s
2025-05-14 14:55:17,437 - P term: 0.9010 | I term: 0.0500 | D term: -0.3226
2025-05-14 14:55:17,437 - PID output: Beam angle = 0.4000 rad

2025-05-14 14:55:17,439 - Time: 0.20s | Pos: -0.7462m | Error: 1.2462m | Vel: 0.5344m/s
2025-05-14 14:55:17,439 - P term: 0.8724 | I term: 0.0500 | D term: -0.6412
2025-05-14 14:55:17,439 - PID output: Beam angle = 0.2811 rad

2025-05-14 14:55:17,441 - Time: 0.56s | Pos: -0.5095m | Error: 1.0095m | Vel: 0.6636m/s
2025-05-14 14:55:17,442 - P term: 0.7066 | I term: 0.0500 | D term: -0.7964
2025-05-14 14:55:17,442 - PID output: Beam angle = -0.0398 rad

2025-05-14 14:55:17,444 - Time: 1.29s | Pos: -0.1093m | Error: 0.6093m | Vel: 0.4294m/s
2025-05-14 14:55:17,444 - P term: 0.4265 | I term: 0.0500 | D term: -0.5153
2025-05-14 14:55:17,444 - PID output: Beam angle = -0.0388 rad

2025-05-14 14:55:17,446 - Time: 3.42s | Pos: 0.3941m | Error: 0.1059m | Vel: 0.1119m/s
2025-05-14 14:55:17,446 - P term: 0.0741 | I term: 0.0500 | D term: -0.1342
2025-05-14 14:55:17,446 - PID output: Beam angle = -0.0101 rad

2025-05-14 14:55:17,448 - Time: 4.78s | Pos: 0.4962m | Error: 0.0038m | Vel: 0.0475m/s
2025-05-14 14:55:17,448 - P term: 0.0027 | I term: 0.0500 | D term: -0.0570
2025-05-14 14:55:17,448 - PID output: Beam angle = -0.0043 rad

2025-05-14 14:55:17,449 - Time: 0.15s | Pos: -0.7684m | Error: 1.2684m | Vel: 0.4213m/s
2025-05-14 14:55:17,449 - P term: 0.8879 | I term: 0.0500 | D term: -0.5056
2025-05-14 14:55:17,451 - PID output: Beam angle = 0.4000 rad

2025-05-14 14:55:17,451 - Time: 0.65s | Pos: -0.4481m | Error: 0.9481m | Vel: 0.6344m/s
2025-05-14 14:55:17,451 - P term: 0.6637 | I term: 0.0500 | D term: -0.7613
2025-05-14 14:55:17,451 - PID output: Beam angle = -0.0477 rad

2025-05-14 14:55:17,452 - Time: 1.15s | Pos: -0.1731m | Error: 0.6731m | Vel: 0.4696m/s
2025-05-14 14:55:17,453 - P term: 0.4712 | I term: 0.0500 | D term: -0.5635
2025-05-14 14:55:17,453 - PID output: Beam angle = -0.0423 rad

2025-05-14 14:55:17,453 - Time: 1.65s | Pos: 0.0283m | Error: 0.4717m | Vel: 0.3426m/s
2025-05-14 14:55:17,454 - P term: 0.3302 | I term: 0.0500 | D term: -0.4112
2025-05-14 14:55:17,454 - PID output: Beam angle = -0.0310 rad

2025-05-14 14:55:17,455 - Time: 2.15s | Pos: 0.1752m | Error: 0.3248m | Vel: 0.2499m/s
2025-05-14 14:55:17,455 - P term: 0.2274 | I term: 0.0500 | D term: -0.2999
2025-05-14 14:55:17,456 - PID output: Beam angle = -0.0226 rad

2025-05-14 14:55:17,456 - Time: 2.65s | Pos: 0.2824m | Error: 0.2176m | Vel: 0.1823m/s
2025-05-14 14:55:17,456 - P term: 0.1523 | I term: 0.0500 | D term: -0.2188
2025-05-14 14:55:17,456 - PID output: Beam angle = -0.0165 rad

2025-05-14 14:55:17,457 - Time: 3.15s | Pos: 0.3606m | Error: 0.1394m | Vel: 0.1330m/s
2025-05-14 14:55:17,457 - P term: 0.0976 | I term: 0.0500 | D term: -0.1596
2025-05-14 14:55:17,457 - PID output: Beam angle = -0.0120 rad

2025-05-14 14:55:17,458 - Time: 3.65s | Pos: 0.4176m | Error: 0.0824m | Vel: 0.0970m/s
2025-05-14 14:55:17,458 - P term: 0.0577 | I term: 0.0500 | D term: -0.1164
2025-05-14 14:55:17,458 - PID output: Beam angle = -0.0088 rad

2025-05-14 14:55:17,459 - Time: 4.15s | Pos: 0.4592m | Error: 0.0408m | Vel: 0.0708m/s
2025-05-14 14:55:17,459 - P term: 0.0285 | I term: 0.0500 | D term: -0.0849
2025-05-14 14:55:17,459 - PID output: Beam angle = -0.0064 rad

2025-05-14 14:55:17,460 - Time: 4.65s | Pos: 0.4896m | Error: 0.0104m | Vel: 0.0516m/s
2025-05-14 14:55:17,460 - P term: 0.0073 | I term: 0.0500 | D term: -0.0620
2025-05-14 14:55:17,460 - PID output: Beam angle = -0.0047 rad

2025-05-14 14:55:17,461 - 
Performance Metrics:
2025-05-14 14:55:17,461 - Settling Time: 4.660 s
2025-05-14 14:55:17,461 - Overshoot: 1.07%
2025-05-14 14:55:17,461 - Steady-State Error: 0.005373 m
2025-05-14 14:55:38,586 - 
=== Test Case: Initial Velocity ===
2025-05-14 14:55:38,586 - 
Running simulation with ImprovedFuzzyController...
2025-05-14 14:55:39,502 - Time: 1.06s | Pos: 0.5104m | Error: -0.0104m | Vel: 0.7403m/s
2025-05-14 14:55:39,502 - Scaled Error: -0.0208 | Scaled dError: -0.9253
2025-05-14 14:55:39,519 - Control output: Beam angle = -0.2000 rad

2025-05-14 14:55:40,397 - Time: 0.32s | Pos: 0.1248m | Error: 0.3752m | Vel: 0.4664m/s
2025-05-14 14:55:40,398 - Scaled Error: 0.7505 | Scaled dError: -0.5829
2025-05-14 14:55:40,415 - Control output: Beam angle = 0.0622 rad

2025-05-14 14:55:41,329 - Time: 0.67s | Pos: 0.2906m | Error: 0.2094m | Vel: 0.4779m/s
2025-05-14 14:55:41,329 - Scaled Error: 0.4188 | Scaled dError: -0.5974
2025-05-14 14:55:41,345 - Control output: Beam angle = -0.0291 rad

2025-05-14 14:55:42,291 - Time: 0.75s | Pos: 0.3266m | Error: 0.1734m | Vel: 0.4311m/s
2025-05-14 14:55:42,291 - Scaled Error: 0.3468 | Scaled dError: -0.5389
2025-05-14 14:55:42,307 - Control output: Beam angle = -0.0719 rad

2025-05-14 14:55:43,183 - Time: 0.71s | Pos: 0.3114m | Error: 0.1886m | Vel: 0.4489m/s
2025-05-14 14:55:43,184 - Scaled Error: 0.3773 | Scaled dError: -0.5611
2025-05-14 14:55:43,204 - Control output: Beam angle = -0.0729 rad

2025-05-14 14:55:44,144 - Time: 0.95s | Pos: 0.4031m | Error: 0.0969m | Vel: 0.3338m/s
2025-05-14 14:55:44,144 - Scaled Error: 0.1938 | Scaled dError: -0.4173
2025-05-14 14:55:44,161 - Control output: Beam angle = -0.0750 rad

2025-05-14 14:55:45,056 - Time: 1.03s | Pos: 0.4286m | Error: 0.0714m | Vel: 0.2919m/s
2025-05-14 14:55:45,056 - Scaled Error: 0.1427 | Scaled dError: -0.3649
2025-05-14 14:55:45,073 - Control output: Beam angle = -0.0611 rad

2025-05-14 14:55:45,963 - Time: 1.20s | Pos: 0.4731m | Error: 0.0269m | Vel: 0.2226m/s
2025-05-14 14:55:45,963 - Scaled Error: 0.0539 | Scaled dError: -0.2783
2025-05-14 14:55:45,979 - Control output: Beam angle = -0.0730 rad

2025-05-14 14:55:46,868 - Time: 1.36s | Pos: 0.5018m | Error: -0.0018m | Vel: 0.1392m/s
2025-05-14 14:55:46,869 - Scaled Error: -0.0037 | Scaled dError: -0.1739
2025-05-14 14:55:46,887 - Control output: Beam angle = -0.0750 rad

2025-05-14 14:55:47,836 - Time: 1.62s | Pos: 0.5241m | Error: -0.0241m | Vel: 0.0510m/s
2025-05-14 14:55:47,836 - Scaled Error: -0.0482 | Scaled dError: -0.0638
2025-05-14 14:55:47,855 - Control output: Beam angle = -0.0176 rad

2025-05-14 14:55:48,765 - Time: 1.73s | Pos: 0.5289m | Error: -0.0289m | Vel: 0.0427m/s
2025-05-14 14:55:48,765 - Scaled Error: -0.0579 | Scaled dError: -0.0533
2025-05-14 14:55:48,783 - Control output: Beam angle = -0.0107 rad

2025-05-14 14:55:49,703 - Time: 2.01s | Pos: 0.5359m | Error: -0.0359m | Vel: 0.0010m/s
2025-05-14 14:55:49,703 - Scaled Error: -0.0718 | Scaled dError: -0.0013
2025-05-14 14:55:49,720 - Control output: Beam angle = -0.0258 rad

2025-05-14 14:55:50,605 - Time: 2.29s | Pos: 0.5299m | Error: -0.0299m | Vel: -0.0407m/s
2025-05-14 14:55:50,605 - Scaled Error: -0.0597 | Scaled dError: 0.0509
2025-05-14 14:55:50,621 - Control output: Beam angle = -0.0115 rad

2025-05-14 14:55:51,521 - Time: 2.47s | Pos: 0.5222m | Error: -0.0222m | Vel: -0.0411m/s
2025-05-14 14:55:51,521 - Scaled Error: -0.0444 | Scaled dError: 0.0513
2025-05-14 14:55:51,540 - Control output: Beam angle = 0.0019 rad

2025-05-14 14:55:52,446 - Time: 2.85s | Pos: 0.5069m | Error: -0.0069m | Vel: -0.0394m/s
2025-05-14 14:55:52,446 - Scaled Error: -0.0139 | Scaled dError: 0.0492
2025-05-14 14:55:52,469 - Control output: Beam angle = 0.0001 rad

2025-05-14 14:55:53,364 - Time: 3.64s | Pos: 0.4763m | Error: 0.0237m | Vel: -0.0392m/s
2025-05-14 14:55:53,364 - Scaled Error: 0.0475 | Scaled dError: 0.0490
2025-05-14 14:55:53,383 - Control output: Beam angle = 0.0000 rad

2025-05-14 14:55:54,324 - Time: 3.70s | Pos: 0.4738m | Error: 0.0262m | Vel: -0.0388m/s
2025-05-14 14:55:54,324 - Scaled Error: 0.0525 | Scaled dError: 0.0485
2025-05-14 14:55:54,342 - Control output: Beam angle = 0.0036 rad

2025-05-14 14:55:55,288 - Time: 4.01s | Pos: 0.4659m | Error: 0.0341m | Vel: -0.0051m/s
2025-05-14 14:55:55,288 - Scaled Error: 0.0682 | Scaled dError: 0.0063
2025-05-14 14:55:55,305 - Control output: Beam angle = 0.0223 rad

2025-05-14 14:55:56,218 - Time: 4.41s | Pos: 0.4749m | Error: 0.0251m | Vel: 0.0392m/s
2025-05-14 14:55:56,219 - Scaled Error: 0.0503 | Scaled dError: -0.0490
2025-05-14 14:55:56,238 - Control output: Beam angle = 0.0009 rad

2025-05-14 14:55:57,144 - Time: 4.85s | Pos: 0.4919m | Error: 0.0081m | Vel: 0.0392m/s
2025-05-14 14:55:57,144 - Scaled Error: 0.0162 | Scaled dError: -0.0490
2025-05-14 14:55:57,164 - Control output: Beam angle = -0.0000 rad

2025-05-14 14:55:58,083 - Time: 0.45s | Pos: 0.1862m | Error: 0.3138m | Vel: 0.4870m/s
2025-05-14 14:55:58,083 - Scaled Error: 0.6277 | Scaled dError: -0.6087
2025-05-14 14:55:58,103 - Control output: Beam angle = 0.0037 rad

2025-05-14 14:55:58,998 - Time: 0.95s | Pos: 0.4036m | Error: 0.0964m | Vel: 0.3311m/s
2025-05-14 14:55:58,999 - Scaled Error: 0.1927 | Scaled dError: -0.4139
2025-05-14 14:55:59,074 - Control output: Beam angle = -0.0750 rad

2025-05-14 14:55:59,940 - Time: 1.45s | Pos: 0.5122m | Error: -0.0122m | Vel: 0.0954m/s
2025-05-14 14:55:59,940 - Scaled Error: -0.0244 | Scaled dError: -0.1193
2025-05-14 14:56:00,013 - Control output: Beam angle = -0.0593 rad

2025-05-14 14:56:00,935 - Time: 1.95s | Pos: 0.5355m | Error: -0.0355m | Vel: 0.0125m/s
2025-05-14 14:56:00,936 - Scaled Error: -0.0710 | Scaled dError: -0.0156
2025-05-14 14:56:00,953 - Control output: Beam angle = -0.0250 rad

2025-05-14 14:56:01,871 - Time: 2.45s | Pos: 0.5231m | Error: -0.0231m | Vel: -0.0414m/s
2025-05-14 14:56:01,871 - Scaled Error: -0.0462 | Scaled dError: 0.0517
2025-05-14 14:56:01,889 - Control output: Beam angle = 0.0025 rad

2025-05-14 14:56:02,795 - Time: 2.95s | Pos: 0.5032m | Error: -0.0032m | Vel: -0.0393m/s
2025-05-14 14:56:02,796 - Scaled Error: -0.0063 | Scaled dError: 0.0491
2025-05-14 14:56:02,815 - Control output: Beam angle = 0.0001 rad

2025-05-14 14:56:03,728 - Time: 3.45s | Pos: 0.4835m | Error: 0.0165m | Vel: -0.0392m/s
2025-05-14 14:56:03,728 - Scaled Error: 0.0329 | Scaled dError: 0.0491
2025-05-14 14:56:03,744 - Control output: Beam angle = 0.0000 rad

2025-05-14 14:56:04,670 - Time: 3.95s | Pos: 0.4665m | Error: 0.0335m | Vel: -0.0142m/s
2025-05-14 14:56:04,671 - Scaled Error: 0.0670 | Scaled dError: 0.0178
2025-05-14 14:56:04,687 - Control output: Beam angle = 0.0211 rad

2025-05-14 14:56:05,592 - Time: 4.45s | Pos: 0.4763m | Error: 0.0237m | Vel: 0.0392m/s
2025-05-14 14:56:05,592 - Scaled Error: 0.0475 | Scaled dError: -0.0491
2025-05-14 14:56:05,611 - Control output: Beam angle = -0.0000 rad

2025-05-14 14:56:06,526 - Time: 4.95s | Pos: 0.4959m | Error: 0.0041m | Vel: 0.0392m/s
2025-05-14 14:56:06,526 - Scaled Error: 0.0082 | Scaled dError: -0.0490
2025-05-14 14:56:06,544 - Control output: Beam angle = -0.0000 rad

2025-05-14 14:56:06,618 - 
Performance Metrics:
2025-05-14 14:56:06,618 - Settling Time: 2.780 s
2025-05-14 14:56:06,618 - Overshoot: 7.19%
2025-05-14 14:56:06,618 - Steady-State Error: 0.002545 m
2025-05-14 14:56:41,922 - 
Running simulation with OptimizedPIDController...
2025-05-14 14:56:41,923 - Time: 0.04s | Pos: 0.0114m | Error: 0.4886m | Vel: 0.3081m/s
2025-05-14 14:56:41,923 - P term: 0.3420 | I term: 0.0500 | D term: -0.3697
2025-05-14 14:56:41,923 - PID output: Beam angle = 0.0223 rad

2025-05-14 14:56:41,926 - Time: 0.49s | Pos: 0.1464m | Error: 0.3536m | Vel: 0.2669m/s
2025-05-14 14:56:41,927 - P term: 0.2475 | I term: 0.0500 | D term: -0.3203
2025-05-14 14:56:41,927 - PID output: Beam angle = -0.0227 rad

2025-05-14 14:56:41,930 - Time: 1.56s | Pos: 0.3544m | Error: 0.1456m | Vel: 0.1369m/s
2025-05-14 14:56:41,930 - P term: 0.1020 | I term: 0.0500 | D term: -0.1643
2025-05-14 14:56:41,930 - PID output: Beam angle = -0.0124 rad

2025-05-14 14:56:41,931 - Time: 3.19s | Pos: 0.4938m | Error: 0.0062m | Vel: 0.0489m/s
2025-05-14 14:56:41,933 - P term: 0.0043 | I term: 0.0499 | D term: -0.0587
2025-05-14 14:56:41,933 - PID output: Beam angle = -0.0045 rad

2025-05-14 14:56:41,934 - Time: 3.61s | Pos: 0.5120m | Error: -0.0120m | Vel: 0.0372m/s
2025-05-14 14:56:41,935 - P term: -0.0084 | I term: 0.0496 | D term: -0.0447
2025-05-14 14:56:41,935 - PID output: Beam angle = -0.0036 rad

2025-05-14 14:56:41,937 - Time: 4.41s | Pos: 0.5351m | Error: -0.0351m | Vel: 0.0218m/s
2025-05-14 14:56:41,937 - P term: -0.0246 | I term: 0.0485 | D term: -0.0262
2025-05-14 14:56:41,937 - PID output: Beam angle = -0.0022 rad

2025-05-14 14:56:41,939 - Time: 4.69s | Pos: 0.5405m | Error: -0.0405m | Vel: 0.0176m/s
2025-05-14 14:56:41,939 - P term: -0.0284 | I term: 0.0473 | D term: -0.0211
2025-05-14 14:56:41,939 - PID output: Beam angle = -0.0021 rad

2025-05-14 14:56:41,940 - Time: 4.99s | Pos: 0.5453m | Error: -0.0453m | Vel: 0.0137m/s
2025-05-14 14:56:41,941 - P term: -0.0317 | I term: 0.0467 | D term: -0.0165
2025-05-14 14:56:41,941 - PID output: Beam angle = -0.0016 rad

2025-05-14 14:56:41,942 - Time: 0.41s | Pos: 0.1240m | Error: 0.3760m | Vel: 0.2797m/s
2025-05-14 14:56:41,942 - P term: 0.2632 | I term: 0.0500 | D term: -0.3357
2025-05-14 14:56:41,943 - PID output: Beam angle = -0.0225 rad

2025-05-14 14:56:41,943 - Time: 0.91s | Pos: 0.2448m | Error: 0.2552m | Vel: 0.2060m/s
2025-05-14 14:56:41,943 - P term: 0.1786 | I term: 0.0500 | D term: -0.2472
2025-05-14 14:56:41,943 - PID output: Beam angle = -0.0185 rad

2025-05-14 14:56:41,944 - Time: 1.41s | Pos: 0.3331m | Error: 0.1669m | Vel: 0.1503m/s
2025-05-14 14:56:41,944 - P term: 0.1168 | I term: 0.0500 | D term: -0.1804
2025-05-14 14:56:41,944 - PID output: Beam angle = -0.0136 rad

2025-05-14 14:56:41,945 - Time: 1.91s | Pos: 0.3976m | Error: 0.1024m | Vel: 0.1096m/s
2025-05-14 14:56:41,945 - P term: 0.0717 | I term: 0.0500 | D term: -0.1316
2025-05-14 14:56:41,945 - PID output: Beam angle = -0.0099 rad

2025-05-14 14:56:41,946 - Time: 2.41s | Pos: 0.4446m | Error: 0.0554m | Vel: 0.0800m/s
2025-05-14 14:56:41,946 - P term: 0.0388 | I term: 0.0500 | D term: -0.0960
2025-05-14 14:56:41,946 - PID output: Beam angle = -0.0072 rad

2025-05-14 14:56:41,947 - Time: 2.91s | Pos: 0.4789m | Error: 0.0211m | Vel: 0.0584m/s
2025-05-14 14:56:41,947 - P term: 0.0148 | I term: 0.0500 | D term: -0.0700
2025-05-14 14:56:41,947 - PID output: Beam angle = -0.0053 rad

2025-05-14 14:56:41,948 - Time: 3.41s | Pos: 0.5039m | Error: -0.0039m | Vel: 0.0425m/s
2025-05-14 14:56:41,948 - P term: -0.0028 | I term: 0.0500 | D term: -0.0510
2025-05-14 14:56:41,948 - PID output: Beam angle = -0.0037 rad

2025-05-14 14:56:41,949 - Time: 3.91s | Pos: 0.5221m | Error: -0.0221m | Vel: 0.0306m/s
2025-05-14 14:56:41,949 - P term: -0.0154 | I term: 0.0496 | D term: -0.0367
2025-05-14 14:56:41,950 - PID output: Beam angle = -0.0025 rad

2025-05-14 14:56:41,951 - Time: 4.41s | Pos: 0.5351m | Error: -0.0351m | Vel: 0.0218m/s
2025-05-14 14:56:41,951 - P term: -0.0246 | I term: 0.0489 | D term: -0.0262
2025-05-14 14:56:41,951 - PID output: Beam angle = -0.0018 rad

2025-05-14 14:56:41,951 - Time: 4.91s | Pos: 0.5441m | Error: -0.0441m | Vel: 0.0147m/s
2025-05-14 14:56:41,951 - P term: -0.0309 | I term: 0.0479 | D term: -0.0176
2025-05-14 14:56:41,951 - PID output: Beam angle = -0.0006 rad

2025-05-14 14:56:41,953 - 
Performance Metrics:
2025-05-14 14:56:41,953 - Settling Time: 3.120 s
2025-05-14 14:56:41,954 - Overshoot: 9.05%
2025-05-14 14:56:41,954 - Steady-State Error: 0.045258 m
2025-05-14 14:57:06,785 - 
=== Test Case: Negative Setpoint ===
2025-05-14 14:57:06,786 - 
Running simulation with ImprovedFuzzyController...
2025-05-14 14:57:07,639 - Time: 0.04s | Pos: -0.0013m | Error: -0.2987m | Vel: -0.0622m/s
2025-05-14 14:57:07,639 - Scaled Error: -0.5974 | Scaled dError: 0.0777
2025-05-14 14:57:07,656 - Control output: Beam angle = -0.2037 rad

2025-05-14 14:57:08,537 - Time: 0.07s | Pos: -0.0036m | Error: -0.2964m | Vel: -0.0987m/s
2025-05-14 14:57:08,537 - Scaled Error: -0.5928 | Scaled dError: 0.1234
2025-05-14 14:57:08,553 - Control output: Beam angle = -0.1642 rad

2025-05-14 14:57:09,420 - Time: 0.10s | Pos: -0.0078m | Error: -0.2922m | Vel: -0.1311m/s
2025-05-14 14:57:09,421 - Scaled Error: -0.5845 | Scaled dError: 0.1639
2025-05-14 14:57:09,438 - Control output: Beam angle = -0.1140 rad

2025-05-14 14:57:10,296 - Time: 0.33s | Pos: -0.0559m | Error: -0.2441m | Vel: -0.2705m/s
2025-05-14 14:57:10,297 - Scaled Error: -0.4882 | Scaled dError: 0.3382
2025-05-14 14:57:10,315 - Control output: Beam angle = -0.0458 rad

2025-05-14 14:57:11,157 - Time: 0.53s | Pos: -0.1135m | Error: -0.1865m | Vel: -0.3060m/s
2025-05-14 14:57:11,158 - Scaled Error: -0.3729 | Scaled dError: 0.3825
2025-05-14 14:57:11,174 - Control output: Beam angle = 0.0073 rad

2025-05-14 14:57:12,085 - Time: 0.87s | Pos: -0.2064m | Error: -0.0936m | Vel: -0.2341m/s
2025-05-14 14:57:12,085 - Scaled Error: -0.1872 | Scaled dError: 0.2926
2025-05-14 14:57:12,102 - Control output: Beam angle = 0.0282 rad

2025-05-14 14:57:13,053 - Time: 1.09s | Pos: -0.2550m | Error: -0.0450m | Vel: -0.1869m/s
2025-05-14 14:57:13,054 - Scaled Error: -0.0901 | Scaled dError: 0.2336
2025-05-14 14:57:13,070 - Control output: Beam angle = 0.0540 rad

2025-05-14 14:57:13,960 - Time: 1.26s | Pos: -0.2803m | Error: -0.0197m | Vel: -0.1065m/s
2025-05-14 14:57:13,961 - Scaled Error: -0.0393 | Scaled dError: 0.1331
2025-05-14 14:57:13,977 - Control output: Beam angle = 0.0665 rad

2025-05-14 14:57:14,882 - Time: 1.52s | Pos: -0.2975m | Error: -0.0025m | Vel: -0.0457m/s
2025-05-14 14:57:14,882 - Scaled Error: -0.0050 | Scaled dError: 0.0572
2025-05-14 14:57:14,899 - Control output: Beam angle = 0.0099 rad

2025-05-14 14:57:15,791 - Time: 1.89s | Pos: -0.3129m | Error: 0.0129m | Vel: -0.0396m/s
2025-05-14 14:57:15,791 - Scaled Error: 0.0258 | Scaled dError: 0.0495
2025-05-14 14:57:15,808 - Control output: Beam angle = 0.0003 rad

2025-05-14 14:57:16,706 - Time: 2.19s | Pos: -0.3245m | Error: 0.0245m | Vel: -0.0393m/s
2025-05-14 14:57:16,707 - Scaled Error: 0.0491 | Scaled dError: 0.0491
2025-05-14 14:57:16,725 - Control output: Beam angle = 0.0000 rad

2025-05-14 14:57:17,619 - Time: 2.42s | Pos: -0.3324m | Error: 0.0324m | Vel: -0.0228m/s
2025-05-14 14:57:17,620 - Scaled Error: 0.0648 | Scaled dError: 0.0285
2025-05-14 14:57:17,638 - Control output: Beam angle = 0.0187 rad

2025-05-14 14:57:18,603 - Time: 2.77s | Pos: -0.3314m | Error: 0.0314m | Vel: 0.0275m/s
2025-05-14 14:57:18,603 - Scaled Error: 0.0629 | Scaled dError: -0.0343
2025-05-14 14:57:18,620 - Control output: Beam angle = 0.0166 rad

2025-05-14 14:57:19,593 - Time: 2.96s | Pos: -0.3246m | Error: 0.0246m | Vel: 0.0393m/s
2025-05-14 14:57:19,594 - Scaled Error: 0.0492 | Scaled dError: -0.0491
2025-05-14 14:57:19,611 - Control output: Beam angle = 0.0000 rad

2025-05-14 14:57:20,534 - Time: 4.02s | Pos: -0.2831m | Error: -0.0169m | Vel: 0.0392m/s
2025-05-14 14:57:20,535 - Scaled Error: -0.0339 | Scaled dError: -0.0490
2025-05-14 14:57:20,559 - Control output: Beam angle = -0.0000 rad

2025-05-14 14:57:21,505 - Time: 4.26s | Pos: -0.2738m | Error: -0.0262m | Vel: 0.0388m/s
2025-05-14 14:57:21,506 - Scaled Error: -0.0525 | Scaled dError: -0.0485
2025-05-14 14:57:21,524 - Control output: Beam angle = -0.0036 rad

2025-05-14 14:57:22,473 - Time: 4.60s | Pos: -0.2658m | Error: -0.0342m | Vel: 0.0004m/s
2025-05-14 14:57:22,473 - Scaled Error: -0.0684 | Scaled dError: -0.0005
2025-05-14 14:57:22,489 - Control output: Beam angle = -0.0224 rad

2025-05-14 14:57:23,460 - Time: 5.00s | Pos: -0.2760m | Error: -0.0240m | Vel: -0.0392m/s
2025-05-14 14:57:23,460 - Scaled Error: -0.0480 | Scaled dError: 0.0490
2025-05-14 14:57:23,477 - Control output: Beam angle = -0.0000 rad

2025-05-14 14:57:24,471 - Time: 0.13s | Pos: -0.0113m | Error: -0.2887m | Vel: -0.1511m/s
2025-05-14 14:57:24,471 - Scaled Error: -0.5773 | Scaled dError: 0.1888
2025-05-14 14:57:24,489 - Control output: Beam angle = -0.1112 rad

2025-05-14 14:57:25,425 - Time: 0.63s | Pos: -0.1437m | Error: -0.1563m | Vel: -0.2927m/s
2025-05-14 14:57:25,425 - Scaled Error: -0.3126 | Scaled dError: 0.3659
2025-05-14 14:57:25,443 - Control output: Beam angle = 0.0250 rad

2025-05-14 14:57:26,378 - Time: 1.13s | Pos: -0.2615m | Error: -0.0385m | Vel: -0.1721m/s
2025-05-14 14:57:26,379 - Scaled Error: -0.0770 | Scaled dError: 0.2152
2025-05-14 14:57:26,397 - Control output: Beam angle = 0.0613 rad

2025-05-14 14:57:27,338 - Time: 1.63s | Pos: -0.3023m | Error: 0.0023m | Vel: -0.0414m/s
2025-05-14 14:57:27,338 - Scaled Error: 0.0046 | Scaled dError: 0.0518
2025-05-14 14:57:27,355 - Control output: Beam angle = 0.0026 rad

2025-05-14 14:57:28,350 - Time: 2.13s | Pos: -0.3222m | Error: 0.0222m | Vel: -0.0393m/s
2025-05-14 14:57:28,350 - Scaled Error: 0.0444 | Scaled dError: 0.0491
2025-05-14 14:57:28,369 - Control output: Beam angle = 0.0001 rad

2025-05-14 14:57:29,366 - Time: 2.63s | Pos: -0.3340m | Error: 0.0340m | Vel: 0.0085m/s
2025-05-14 14:57:29,366 - Scaled Error: 0.0679 | Scaled dError: -0.0106
2025-05-14 14:57:29,386 - Control output: Beam angle = 0.0220 rad

2025-05-14 14:57:30,343 - Time: 3.13s | Pos: -0.3179m | Error: 0.0179m | Vel: 0.0393m/s
2025-05-14 14:57:30,343 - Scaled Error: 0.0359 | Scaled dError: -0.0491
2025-05-14 14:57:30,361 - Control output: Beam angle = -0.0000 rad

2025-05-14 14:57:31,347 - Time: 3.63s | Pos: -0.2983m | Error: -0.0017m | Vel: 0.0392m/s
2025-05-14 14:57:31,347 - Scaled Error: -0.0034 | Scaled dError: -0.0490
2025-05-14 14:57:31,365 - Control output: Beam angle = -0.0000 rad

2025-05-14 14:57:32,416 - Time: 4.13s | Pos: -0.2787m | Error: -0.0213m | Vel: 0.0392m/s
2025-05-14 14:57:32,416 - Scaled Error: -0.0426 | Scaled dError: -0.0490
2025-05-14 14:57:32,436 - Control output: Beam angle = -0.0000 rad

2025-05-14 14:57:33,404 - Time: 4.63s | Pos: -0.2659m | Error: -0.0341m | Vel: -0.0048m/s
2025-05-14 14:57:33,405 - Scaled Error: -0.0682 | Scaled dError: 0.0060
2025-05-14 14:57:33,425 - Control output: Beam angle = -0.0223 rad

2025-05-14 14:57:34,224 - 
Performance Metrics:
2025-05-14 14:57:34,225 - Settling Time: 1.450 s
2025-05-14 14:57:34,225 - Overshoot: 11.40%
2025-05-14 14:57:34,225 - Steady-State Error: 0.024388 m
2025-05-14 14:58:11,116 - 
Running simulation with OptimizedPIDController...
2025-05-14 14:58:11,118 - Time: 0.00s | Pos: -0.0000m | Error: -0.3000m | Vel: -0.0012m/s
2025-05-14 14:58:11,118 - P term: -0.2100 | I term: 0.0471 | D term: 0.0015
2025-05-14 14:58:11,118 - PID output: Beam angle = -0.1614 rad

2025-05-14 14:58:11,121 - Time: 0.00s | Pos: -0.0000m | Error: -0.3000m | Vel: -0.0050m/s
2025-05-14 14:58:11,121 - P term: -0.2100 | I term: 0.0464 | D term: 0.0060
2025-05-14 14:58:11,121 - PID output: Beam angle = -0.1576 rad

2025-05-14 14:58:11,123 - Time: 0.01s | Pos: -0.0001m | Error: -0.2999m | Vel: -0.0153m/s
2025-05-14 14:58:11,123 - P term: -0.2099 | I term: 0.0456 | D term: 0.0183
2025-05-14 14:58:11,123 - PID output: Beam angle = -0.1460 rad

2025-05-14 14:58:11,124 - Time: 0.04s | Pos: -0.0009m | Error: -0.2991m | Vel: -0.0406m/s
2025-05-14 14:58:11,124 - P term: -0.2094 | I term: 0.0448 | D term: 0.0487
2025-05-14 14:58:11,124 - PID output: Beam angle = -0.1159 rad

2025-05-14 14:58:11,127 - Time: 0.12s | Pos: -0.0057m | Error: -0.2943m | Vel: -0.0846m/s
2025-05-14 14:58:11,127 - P term: -0.2060 | I term: 0.0435 | D term: 0.1015
2025-05-14 14:58:11,127 - PID output: Beam angle = -0.0610 rad

2025-05-14 14:58:11,129 - Time: 0.31s | Pos: -0.0263m | Error: -0.2737m | Vel: -0.1205m/s
2025-05-14 14:58:11,131 - P term: -0.1916 | I term: 0.0407 | D term: 0.1446
2025-05-14 14:58:11,131 - PID output: Beam angle = -0.0063 rad

2025-05-14 14:58:11,135 - Time: 0.61s | Pos: -0.0623m | Error: -0.2377m | Vel: -0.1140m/s
2025-05-14 14:58:11,136 - P term: -0.1664 | I term: 0.0367 | D term: 0.1368
2025-05-14 14:58:11,136 - PID output: Beam angle = 0.0072 rad

2025-05-14 14:58:11,138 - Time: 0.95s | Pos: -0.0986m | Error: -0.2014m | Vel: -0.0961m/s
2025-05-14 14:58:11,138 - P term: -0.1410 | I term: 0.0329 | D term: 0.1153
2025-05-14 14:58:11,138 - PID output: Beam angle = 0.0072 rad

2025-05-14 14:58:11,140 - Time: 1.33s | Pos: -0.1315m | Error: -0.1685m | Vel: -0.0788m/s
2025-05-14 14:58:11,140 - P term: -0.1180 | I term: 0.0293 | D term: 0.0946
2025-05-14 14:58:11,140 - PID output: Beam angle = 0.0059 rad

2025-05-14 14:58:11,143 - Time: 1.72s | Pos: -0.1593m | Error: -0.1407m | Vel: -0.0642m/s
2025-05-14 14:58:11,143 - P term: -0.0985 | I term: 0.0263 | D term: 0.0770
2025-05-14 14:58:11,143 - PID output: Beam angle = 0.0048 rad

2025-05-14 14:58:11,144 - Time: 2.08s | Pos: -0.1805m | Error: -0.1195m | Vel: -0.0531m/s
2025-05-14 14:58:11,145 - P term: -0.0836 | I term: 0.0238 | D term: 0.0637
2025-05-14 14:58:11,145 - PID output: Beam angle = 0.0040 rad

2025-05-14 14:58:11,147 - Time: 2.45s | Pos: -0.1981m | Error: -0.1019m | Vel: -0.0440m/s
2025-05-14 14:58:11,147 - P term: -0.0713 | I term: 0.0218 | D term: 0.0528
2025-05-14 14:58:11,147 - PID output: Beam angle = 0.0033 rad

2025-05-14 14:58:11,150 - Time: 2.81s | Pos: -0.2128m | Error: -0.0872m | Vel: -0.0364m/s
2025-05-14 14:58:11,150 - P term: -0.0610 | I term: 0.0200 | D term: 0.0437
2025-05-14 14:58:11,150 - PID output: Beam angle = 0.0027 rad

2025-05-14 14:58:11,153 - Time: 3.15s | Pos: -0.2240m | Error: -0.0760m | Vel: -0.0306m/s
2025-05-14 14:58:11,153 - P term: -0.0532 | I term: 0.0186 | D term: 0.0368
2025-05-14 14:58:11,153 - PID output: Beam angle = 0.0022 rad

2025-05-14 14:58:11,155 - Time: 3.48s | Pos: -0.2335m | Error: -0.0665m | Vel: -0.0259m/s
2025-05-14 14:58:11,155 - P term: -0.0466 | I term: 0.0174 | D term: 0.0310
2025-05-14 14:58:11,155 - PID output: Beam angle = 0.0019 rad

2025-05-14 14:58:11,157 - Time: 3.82s | Pos: -0.2414m | Error: -0.0586m | Vel: -0.0218m/s
2025-05-14 14:58:11,157 - P term: -0.0410 | I term: 0.0164 | D term: 0.0262
2025-05-14 14:58:11,157 - PID output: Beam angle = 0.0016 rad

2025-05-14 14:58:11,160 - Time: 4.13s | Pos: -0.2476m | Error: -0.0524m | Vel: -0.0187m/s
2025-05-14 14:58:11,161 - P term: -0.0367 | I term: 0.0155 | D term: 0.0225
2025-05-14 14:58:11,161 - PID output: Beam angle = 0.0013 rad

2025-05-14 14:58:11,163 - Time: 4.43s | Pos: -0.2529m | Error: -0.0471m | Vel: -0.0161m/s
2025-05-14 14:58:11,163 - P term: -0.0330 | I term: 0.0147 | D term: 0.0194
2025-05-14 14:58:11,163 - PID output: Beam angle = 0.0011 rad

2025-05-14 14:58:11,165 - Time: 4.73s | Pos: -0.2574m | Error: -0.0426m | Vel: -0.0139m/s
2025-05-14 14:58:11,165 - P term: -0.0298 | I term: 0.0140 | D term: 0.0167
2025-05-14 14:58:11,165 - PID output: Beam angle = 0.0010 rad

2025-05-14 14:58:11,166 - Time: 5.00s | Pos: -0.2610m | Error: -0.0390m | Vel: -0.0122m/s
2025-05-14 14:58:11,166 - P term: -0.0273 | I term: 0.0135 | D term: 0.0147
2025-05-14 14:58:11,167 - PID output: Beam angle = 0.0008 rad

2025-05-14 14:58:11,167 - Time: 0.49s | Pos: -0.0486m | Error: -0.2514m | Vel: -0.1193m/s
2025-05-14 14:58:11,168 - P term: -0.1760 | I term: 0.0066 | D term: 0.1431
2025-05-14 14:58:11,168 - PID output: Beam angle = -0.0262 rad

2025-05-14 14:58:11,168 - Time: 0.99s | Pos: -0.1021m | Error: -0.1979m | Vel: -0.0942m/s
2025-05-14 14:58:11,168 - P term: -0.1385 | I term: 0.0010 | D term: 0.1131
2025-05-14 14:58:11,168 - PID output: Beam angle = -0.0244 rad

2025-05-14 14:58:11,169 - Time: 1.49s | Pos: -0.1436m | Error: -0.1564m | Vel: -0.0725m/s
2025-05-14 14:58:11,169 - P term: -0.1095 | I term: -0.0034 | D term: 0.0870
2025-05-14 14:58:11,169 - PID output: Beam angle = -0.0259 rad

2025-05-14 14:58:11,170 - Time: 1.99s | Pos: -0.1754m | Error: -0.1246m | Vel: -0.0558m/s
2025-05-14 14:58:11,170 - P term: -0.0872 | I term: -0.0068 | D term: 0.0669
2025-05-14 14:58:11,170 - PID output: Beam angle = -0.0271 rad

2025-05-14 14:58:11,171 - Time: 2.49s | Pos: -0.2000m | Error: -0.1000m | Vel: -0.0430m/s
2025-05-14 14:58:11,171 - P term: -0.0700 | I term: -0.0096 | D term: 0.0516
2025-05-14 14:58:11,171 - PID output: Beam angle = -0.0280 rad

2025-05-14 14:58:11,171 - Time: 2.99s | Pos: -0.2189m | Error: -0.0811m | Vel: -0.0332m/s
2025-05-14 14:58:11,171 - P term: -0.0567 | I term: -0.0119 | D term: 0.0399
2025-05-14 14:58:11,171 - PID output: Beam angle = -0.0287 rad

2025-05-14 14:58:11,173 - Time: 3.49s | Pos: -0.2336m | Error: -0.0664m | Vel: -0.0258m/s
2025-05-14 14:58:11,173 - P term: -0.0465 | I term: -0.0137 | D term: 0.0309
2025-05-14 14:58:11,173 - PID output: Beam angle = -0.0293 rad

2025-05-14 14:58:11,173 - Time: 3.99s | Pos: -0.2450m | Error: -0.0550m | Vel: -0.0201m/s
2025-05-14 14:58:11,173 - P term: -0.0385 | I term: -0.0152 | D term: 0.0241
2025-05-14 14:58:11,173 - PID output: Beam angle = -0.0297 rad

2025-05-14 14:58:11,174 - Time: 4.49s | Pos: -0.2539m | Error: -0.0461m | Vel: -0.0157m/s
2025-05-14 14:58:11,174 - P term: -0.0323 | I term: -0.0165 | D term: 0.0188
2025-05-14 14:58:11,174 - PID output: Beam angle = -0.0300 rad

2025-05-14 14:58:11,175 - Time: 4.99s | Pos: -0.2608m | Error: -0.0392m | Vel: -0.0123m/s
2025-05-14 14:58:11,175 - P term: -0.0274 | I term: -0.0175 | D term: 0.0148
2025-05-14 14:58:11,175 - PID output: Beam angle = -0.0302 rad

2025-05-14 14:58:11,176 - 
Performance Metrics:
2025-05-14 14:58:11,176 - Settling Time: 4.990 s
2025-05-14 14:58:11,176 - Overshoot: 0.00%
2025-05-14 14:58:11,176 - Steady-State Error: 0.039154 m
2025-05-14 14:58:35,539 - 
=== Test Case: Distant With Velocity ===
2025-05-14 14:58:35,539 - 
Running simulation with ImprovedFuzzyController...
2025-05-14 14:58:35,800 - Time: 0.03s | Pos: 0.6928m | Error: -0.8928m | Vel: -0.2420m/s
2025-05-14 14:58:35,800 - Scaled Error: -1.0000 | Scaled dError: 0.3024
2025-05-14 14:58:35,819 - Control output: Beam angle = -0.1682 rad

2025-05-14 14:58:36,696 - Time: 0.14s | Pos: 0.6610m | Error: -0.8610m | Vel: -0.3302m/s
2025-05-14 14:58:36,696 - Scaled Error: -1.0000 | Scaled dError: 0.4127
2025-05-14 14:58:36,712 - Control output: Beam angle = -0.0750 rad

2025-05-14 14:58:37,616 - Time: 0.41s | Pos: 0.5514m | Error: -0.7514m | Vel: -0.4684m/s
2025-05-14 14:58:37,616 - Scaled Error: -1.0000 | Scaled dError: 0.5855
2025-05-14 14:58:37,633 - Control output: Beam angle = -0.0638 rad

2025-05-14 14:58:38,496 - Time: 0.79s | Pos: 0.3476m | Error: -0.5476m | Vel: -0.5832m/s
2025-05-14 14:58:38,496 - Scaled Error: -1.0000 | Scaled dError: 0.7290
2025-05-14 14:58:38,515 - Control output: Beam angle = -0.0185 rad

2025-05-14 14:58:39,388 - Time: 1.11s | Pos: 0.1615m | Error: -0.3615m | Vel: -0.5971m/s
2025-05-14 14:58:39,388 - Scaled Error: -0.7230 | Scaled dError: 0.7464
2025-05-14 14:58:39,406 - Control output: Beam angle = 0.0190 rad

2025-05-14 14:58:40,293 - Time: 1.23s | Pos: 0.0913m | Error: -0.2913m | Vel: -0.5703m/s
2025-05-14 14:58:40,294 - Scaled Error: -0.5825 | Scaled dError: 0.7129
2025-05-14 14:58:40,310 - Control output: Beam angle = 0.0301 rad

2025-05-14 14:58:41,265 - Time: 1.40s | Pos: -0.0027m | Error: -0.1973m | Vel: -0.5164m/s
2025-05-14 14:58:41,266 - Scaled Error: -0.3946 | Scaled dError: 0.6454
2025-05-14 14:58:41,284 - Control output: Beam angle = 0.0530 rad

2025-05-14 14:58:42,187 - Time: 1.42s | Pos: -0.0105m | Error: -0.1895m | Vel: -0.5095m/s
2025-05-14 14:58:42,187 - Scaled Error: -0.3790 | Scaled dError: 0.6369
2025-05-14 14:58:42,205 - Control output: Beam angle = 0.0761 rad

2025-05-14 14:58:43,111 - Time: 1.58s | Pos: -0.0838m | Error: -0.1162m | Vel: -0.4044m/s
2025-05-14 14:58:43,111 - Scaled Error: -0.2324 | Scaled dError: 0.5055
2025-05-14 14:58:43,129 - Control output: Beam angle = 0.0783 rad

2025-05-14 14:58:44,047 - Time: 1.75s | Pos: -0.1468m | Error: -0.0532m | Vel: -0.3124m/s
2025-05-14 14:58:44,048 - Scaled Error: -0.1064 | Scaled dError: 0.3905
2025-05-14 14:58:44,065 - Control output: Beam angle = 0.0701 rad

2025-05-14 14:58:45,003 - Time: 1.88s | Pos: -0.1821m | Error: -0.0179m | Vel: -0.2536m/s
2025-05-14 14:58:45,003 - Scaled Error: -0.0359 | Scaled dError: 0.3170
2025-05-14 14:58:45,021 - Control output: Beam angle = 0.0750 rad

2025-05-14 14:58:45,943 - Time: 2.47s | Pos: -0.2822m | Error: 0.0822m | Vel: -0.0365m/s
2025-05-14 14:58:45,943 - Scaled Error: 0.1643 | Scaled dError: 0.0456
2025-05-14 14:58:45,961 - Control output: Beam angle = 0.0750 rad

2025-05-14 14:58:46,884 - Time: 2.23s | Pos: -0.2392m | Error: 0.0392m | Vel: -0.0790m/s
2025-05-14 14:58:46,884 - Scaled Error: 0.0784 | Scaled dError: 0.0987
2025-05-14 14:58:46,902 - Control output: Beam angle = 0.0471 rad

2025-05-14 14:58:47,851 - Time: 2.40s | Pos: -0.2485m | Error: 0.0485m | Vel: -0.0292m/s
2025-05-14 14:58:47,851 - Scaled Error: 0.0969 | Scaled dError: 0.0365
2025-05-14 14:58:47,870 - Control output: Beam angle = 0.0459 rad

2025-05-14 14:58:48,800 - Time: 2.65s | Pos: -0.2456m | Error: 0.0456m | Vel: 0.0505m/s
2025-05-14 14:58:48,800 - Scaled Error: 0.0911 | Scaled dError: -0.0631
2025-05-14 14:58:48,818 - Control output: Beam angle = 0.0237 rad

2025-05-14 14:58:49,726 - Time: 2.61s | Pos: -0.2471m | Error: 0.0471m | Vel: 0.0412m/s
2025-05-14 14:58:49,726 - Scaled Error: 0.0943 | Scaled dError: -0.0515
2025-05-14 14:58:49,746 - Control output: Beam angle = 0.0417 rad

2025-05-14 14:58:50,677 - Time: 2.76s | Pos: -0.2394m | Error: 0.0394m | Vel: 0.0592m/s
2025-05-14 14:58:50,677 - Scaled Error: 0.0787 | Scaled dError: -0.0740
2025-05-14 14:58:50,696 - Control output: Beam angle = 0.0038 rad

2025-05-14 14:58:51,633 - Time: 3.06s | Pos: -0.2228m | Error: 0.0228m | Vel: 0.0443m/s
2025-05-14 14:58:51,634 - Scaled Error: 0.0457 | Scaled dError: -0.0553
2025-05-14 14:58:51,654 - Control output: Beam angle = -0.0075 rad

2025-05-14 14:58:52,624 - Time: 3.21s | Pos: -0.2168m | Error: 0.0168m | Vel: 0.0407m/s
2025-05-14 14:58:52,624 - Scaled Error: 0.0335 | Scaled dError: -0.0508
2025-05-14 14:58:52,641 - Control output: Beam angle = -0.0014 rad

2025-05-14 14:58:53,588 - Time: 3.93s | Pos: -0.1884m | Error: -0.0116m | Vel: 0.0392m/s
2025-05-14 14:58:53,589 - Scaled Error: -0.0233 | Scaled dError: -0.0491
2025-05-14 14:58:53,606 - Control output: Beam angle = -0.0000 rad

2025-05-14 14:58:54,579 - Time: 4.30s | Pos: -0.1738m | Error: -0.0262m | Vel: 0.0387m/s
2025-05-14 14:58:54,579 - Scaled Error: -0.0525 | Scaled dError: -0.0484
2025-05-14 14:58:54,599 - Control output: Beam angle = -0.0036 rad

2025-05-14 14:58:55,625 - Time: 4.54s | Pos: -0.1667m | Error: -0.0333m | Vel: 0.0162m/s
2025-05-14 14:58:55,625 - Scaled Error: -0.0666 | Scaled dError: -0.0203
2025-05-14 14:58:55,645 - Control output: Beam angle = -0.0207 rad

2025-05-14 14:58:56,775 - Time: 4.88s | Pos: -0.1699m | Error: -0.0301m | Vel: -0.0322m/s
2025-05-14 14:58:56,775 - Scaled Error: -0.0602 | Scaled dError: 0.0402
2025-05-14 14:58:56,799 - Control output: Beam angle = -0.0135 rad

2025-05-14 14:58:58,090 - Time: 0.39s | Pos: 0.5627m | Error: -0.7627m | Vel: -0.4571m/s
2025-05-14 14:58:58,090 - Scaled Error: -1.0000 | Scaled dError: 0.5714
2025-05-14 14:58:58,113 - Control output: Beam angle = -0.0657 rad

2025-05-14 14:58:59,173 - Time: 0.89s | Pos: 0.2914m | Error: -0.4914m | Vel: -0.5923m/s
2025-05-14 14:58:59,174 - Scaled Error: -0.9829 | Scaled dError: 0.7404
2025-05-14 14:58:59,191 - Control output: Beam angle = -0.0094 rad

2025-05-14 14:59:00,158 - Time: 1.39s | Pos: 0.0028m | Error: -0.2028m | Vel: -0.5198m/s
2025-05-14 14:59:00,158 - Scaled Error: -0.4055 | Scaled dError: 0.6498
2025-05-14 14:59:00,179 - Control output: Beam angle = 0.0430 rad

2025-05-14 14:59:01,197 - Time: 1.89s | Pos: -0.1854m | Error: -0.0146m | Vel: -0.2467m/s
2025-05-14 14:59:01,197 - Scaled Error: -0.0292 | Scaled dError: 0.3083
2025-05-14 14:59:01,216 - Control output: Beam angle = 0.0750 rad

2025-05-14 14:59:02,201 - Time: 2.39s | Pos: -0.2482m | Error: 0.0482m | Vel: -0.0320m/s
2025-05-14 14:59:02,201 - Scaled Error: 0.0964 | Scaled dError: 0.0400
2025-05-14 14:59:02,221 - Control output: Beam angle = 0.0455 rad

2025-05-14 14:59:03,170 - Time: 2.89s | Pos: -0.2317m | Error: 0.0317m | Vel: 0.0570m/s
2025-05-14 14:59:03,171 - Scaled Error: 0.0635 | Scaled dError: -0.0712
2025-05-14 14:59:03,188 - Control output: Beam angle = -0.0076 rad

2025-05-14 14:59:04,241 - Time: 3.39s | Pos: -0.2095m | Error: 0.0095m | Vel: 0.0397m/s
2025-05-14 14:59:04,241 - Scaled Error: 0.0191 | Scaled dError: -0.0496
2025-05-14 14:59:04,264 - Control output: Beam angle = -0.0004 rad

2025-05-14 14:59:05,290 - Time: 3.89s | Pos: -0.1899m | Error: -0.0101m | Vel: 0.0393m/s
2025-05-14 14:59:05,291 - Scaled Error: -0.0203 | Scaled dError: -0.0491
2025-05-14 14:59:05,307 - Control output: Beam angle = -0.0000 rad

2025-05-14 14:59:06,266 - Time: 4.39s | Pos: -0.1705m | Error: -0.0295m | Vel: 0.0337m/s
2025-05-14 14:59:06,267 - Scaled Error: -0.0590 | Scaled dError: -0.0421
2025-05-14 14:59:06,285 - Control output: Beam angle = -0.0122 rad

2025-05-14 14:59:07,268 - Time: 4.89s | Pos: -0.1702m | Error: -0.0298m | Vel: -0.0331m/s
2025-05-14 14:59:07,268 - Scaled Error: -0.0595 | Scaled dError: 0.0413
2025-05-14 14:59:07,288 - Control output: Beam angle = -0.0128 rad

2025-05-14 14:59:07,482 - 
Performance Metrics:
2025-05-14 14:59:07,483 - Settling Time: 3.540 s
2025-05-14 14:59:07,483 - Overshoot: 24.89%
2025-05-14 14:59:07,483 - Steady-State Error: 0.026122 m
2025-05-14 14:59:32,380 - 
Running simulation with OptimizedPIDController...
2025-05-14 14:59:32,382 - Time: 0.05s | Pos: 0.6884m | Error: -0.8884m | Vel: -0.3073m/s
2025-05-14 14:59:32,383 - P term: -0.6219 | I term: -0.0217 | D term: 0.3688
2025-05-14 14:59:32,384 - PID output: Beam angle = -0.2747 rad

2025-05-14 14:59:32,386 - Time: 0.25s | Pos: 0.6040m | Error: -0.8040m | Vel: -0.4738m/s
2025-05-14 14:59:32,387 - P term: -0.5628 | I term: -0.0305 | D term: 0.5685
2025-05-14 14:59:32,387 - PID output: Beam angle = -0.0248 rad

2025-05-14 14:59:32,390 - Time: 0.60s | Pos: 0.4404m | Error: -0.6404m | Vel: -0.4355m/s
2025-05-14 14:59:32,390 - P term: -0.4483 | I term: -0.0435 | D term: 0.5226
2025-05-14 14:59:32,390 - PID output: Beam angle = 0.0308 rad

2025-05-14 14:59:32,393 - Time: 1.03s | Pos: 0.2718m | Error: -0.4718m | Vel: -0.3419m/s
2025-05-14 14:59:32,393 - P term: -0.3303 | I term: -0.0500 | D term: 0.4103
2025-05-14 14:59:32,393 - PID output: Beam angle = 0.0301 rad

2025-05-14 14:59:32,396 - Time: 2.13s | Pos: 0.0004m | Error: -0.2004m | Vel: -0.1715m/s
2025-05-14 14:59:32,396 - P term: -0.1403 | I term: -0.0500 | D term: 0.2058
2025-05-14 14:59:32,397 - PID output: Beam angle = 0.0155 rad

2025-05-14 14:59:32,399 - Time: 4.03s | Pos: -0.1893m | Error: -0.0107m | Vel: -0.0518m/s
2025-05-14 14:59:32,399 - P term: -0.0075 | I term: -0.0500 | D term: 0.0622
2025-05-14 14:59:32,399 - PID output: Beam angle = 0.0047 rad

2025-05-14 14:59:32,401 - Time: 4.47s | Pos: -0.2092m | Error: 0.0092m | Vel: -0.0391m/s
2025-05-14 14:59:32,401 - P term: 0.0065 | I term: -0.0498 | D term: 0.0469
2025-05-14 14:59:32,401 - PID output: Beam angle = 0.0036 rad

2025-05-14 14:59:32,405 - Time: 4.80s | Pos: -0.2208m | Error: 0.0208m | Vel: -0.0314m/s
2025-05-14 14:59:32,405 - P term: 0.0145 | I term: -0.0492 | D term: 0.0377
2025-05-14 14:59:32,405 - PID output: Beam angle = 0.0030 rad

2025-05-14 14:59:32,406 - Time: 0.33s | Pos: 0.5642m | Error: -0.7642m | Vel: -0.4784m/s
2025-05-14 14:59:32,406 - P term: -0.5349 | I term: -0.0500 | D term: 0.5741
2025-05-14 14:59:32,406 - PID output: Beam angle = -0.0108 rad

2025-05-14 14:59:32,407 - Time: 0.83s | Pos: 0.3455m | Error: -0.5455m | Vel: -0.3854m/s
2025-05-14 14:59:32,407 - P term: -0.3819 | I term: -0.0500 | D term: 0.4625
2025-05-14 14:59:32,407 - PID output: Beam angle = 0.0306 rad

2025-05-14 14:59:32,408 - Time: 1.33s | Pos: 0.1790m | Error: -0.3790m | Vel: -0.2841m/s
2025-05-14 14:59:32,408 - P term: -0.2653 | I term: -0.0500 | D term: 0.3409
2025-05-14 14:59:32,409 - PID output: Beam angle = 0.0256 rad

2025-05-14 14:59:32,410 - Time: 1.83s | Pos: 0.0572m | Error: -0.2572m | Vel: -0.2073m/s
2025-05-14 14:59:32,410 - P term: -0.1800 | I term: -0.0500 | D term: 0.2487
2025-05-14 14:59:32,410 - PID output: Beam angle = 0.0187 rad

2025-05-14 14:59:32,410 - Time: 2.33s | Pos: -0.0317m | Error: -0.1683m | Vel: -0.1512m/s
2025-05-14 14:59:32,410 - P term: -0.1178 | I term: -0.0500 | D term: 0.1815
2025-05-14 14:59:32,411 - PID output: Beam angle = 0.0137 rad

2025-05-14 14:59:32,411 - Time: 2.83s | Pos: -0.0966m | Error: -0.1034m | Vel: -0.1103m/s
2025-05-14 14:59:32,411 - P term: -0.0724 | I term: -0.0500 | D term: 0.1324
2025-05-14 14:59:32,411 - PID output: Beam angle = 0.0100 rad

2025-05-14 14:59:32,413 - Time: 3.33s | Pos: -0.1439m | Error: -0.0561m | Vel: -0.0805m/s
2025-05-14 14:59:32,413 - P term: -0.0393 | I term: -0.0500 | D term: 0.0966
2025-05-14 14:59:32,414 - PID output: Beam angle = 0.0073 rad

2025-05-14 14:59:32,414 - Time: 3.83s | Pos: -0.1784m | Error: -0.0216m | Vel: -0.0587m/s
2025-05-14 14:59:32,414 - P term: -0.0151 | I term: -0.0500 | D term: 0.0704
2025-05-14 14:59:32,415 - PID output: Beam angle = 0.0053 rad

2025-05-14 14:59:32,415 - Time: 4.33s | Pos: -0.2035m | Error: 0.0035m | Vel: -0.0427m/s
2025-05-14 14:59:32,415 - P term: 0.0025 | I term: -0.0500 | D term: 0.0513
2025-05-14 14:59:32,416 - PID output: Beam angle = 0.0037 rad

2025-05-14 14:59:32,417 - Time: 4.83s | Pos: -0.2218m | Error: 0.0218m | Vel: -0.0307m/s
2025-05-14 14:59:32,417 - P term: 0.0152 | I term: -0.0497 | D term: 0.0369
2025-05-14 14:59:32,417 - PID output: Beam angle = 0.0025 rad

2025-05-14 14:59:32,417 - 
Performance Metrics:
2025-05-14 14:59:32,418 - Settling Time: 4.990 s
2025-05-14 14:59:32,418 - Overshoot: 13.22%
2025-05-14 14:59:32,419 - Steady-State Error: 0.026439 m
2025-05-14 14:59:54,290 - 
Performance Comparison:
2025-05-14 14:59:54,291 - Test Case             | Controller | Settling Time (s) | Overshoot (%) | Steady-State Error (m)
2025-05-14 14:59:54,293 - -----------------------------------------------------------------------------------------------
2025-05-14 14:59:54,294 - Standard Case         | Fuzzy      | 3.050             | 6.97          | 0.012920              
2025-05-14 14:59:54,294 -                       | PID        | 3.690             | 5.40          | 0.027008              
2025-05-14 14:59:54,294 - Distant Start         | Fuzzy      | 4.140             | 9.36          | 0.023769              
2025-05-14 14:59:54,295 -                       | PID        | 4.660             | 1.07          | 0.005373              
2025-05-14 14:59:54,297 - Initial Velocity      | Fuzzy      | 2.780             | 7.19          | 0.002545              
2025-05-14 14:59:54,297 -                       | PID        | 3.120             | 9.05          | 0.045258              
2025-05-14 14:59:54,298 - Negative Setpoint     | Fuzzy      | 1.450             | 11.40         | 0.024388              
2025-05-14 14:59:54,298 -                       | PID        | 4.990             | 0.00          | 0.039154              
2025-05-14 14:59:54,298 - Distant With Velocity | Fuzzy      | 3.540             | 24.89         | 0.026122              
2025-05-14 14:59:54,299 -                       | PID        | 4.990             | 13.22         | 0.026439              
2025-05-14 14:59:54,299 - -----------------------------------------------------------------------------------------------
2025-05-14 14:59:54,299 - Average | Fuzzy | 2.992 | 11.96 | 0.017949
2025-05-14 14:59:54,299 -  | PID | 4.290 | 5.75 | 0.028646
2025-05-14 14:59:54,306 - Results saved to results/controller_results_20250514_145954.csv
2025-05-14 14:59:54,401 - Animation.save using <class 'matplotlib.animation.FFMpegWriter'>
2025-05-14 14:59:54,402 - MovieWriter._run: running command: ffmpeg -f rawvideo -vcodec rawvideo -s 1000x600 -pix_fmt rgba -framerate 30 -loglevel error -i pipe: -vcodec h264 -pix_fmt yuv420p -y results/fuzzy_demo_20250514_145954.mp4
2025-05-14 15:00:07,910 - Animation saved to results/fuzzy_demo_20250514_145954.mp4
2025-05-14 15:00:08,007 - Animation.save using <class 'matplotlib.animation.FFMpegWriter'>
2025-05-14 15:00:08,008 - MovieWriter._run: running command: ffmpeg -f rawvideo -vcodec rawvideo -s 1600x600 -pix_fmt rgba -framerate 30 -loglevel error -i pipe: -vcodec h264 -pix_fmt yuv420p -y results/comparison_demo_20250514_145954.mp4
2025-05-14 15:00:39,215 - Comparison animation saved to results/comparison_demo_20250514_145954.mp4
2025-05-14 15:00:39,230 - 
Testing complete. Results and animations saved to the 'results' directory.
