2025-05-15 15:36:06,985 - Starting ball and beam simulation
2025-05-15 15:36:07,576 - 
=== Test Case: Standard Case ===
2025-05-15 15:36:07,577 - 
Running simulation with ImprovedFuzzyController...
2025-05-15 15:36:09,145 - Time: 0.05s | Pos: 0.0026m | Error: 0.4974m | Vel: 0.0941m/s
2025-05-15 15:36:09,145 - Scaled Error: 0.9948 | Scaled dError: -0.1176
2025-05-15 15:36:09,174 - Control output: Beam angle = 0.2368 rad

2025-05-15 15:36:10,670 - Time: 0.07s | Pos: 0.0045m | Error: 0.4955m | Vel: 0.1214m/s
2025-05-15 15:36:10,671 - Scaled Error: 0.9909 | Scaled dError: -0.1517
2025-05-15 15:36:10,731 - Control output: Beam angle = 0.2000 rad

2025-05-15 15:36:12,311 - Time: 0.13s | Pos: 0.0138m | Error: 0.4862m | Vel: 0.2012m/s
2025-05-15 15:36:12,312 - Scaled Error: 0.9724 | Scaled dError: -0.2515
2025-05-15 15:36:12,337 - Control output: Beam angle = 0.1991 rad

2025-05-15 15:36:13,590 - Time: 0.25s | Pos: 0.0449m | Error: 0.4551m | Vel: 0.3169m/s
2025-05-15 15:36:13,590 - Scaled Error: 0.9102 | Scaled dError: -0.3961
2025-05-15 15:36:13,615 - Control output: Beam angle = 0.0817 rad

2025-05-15 15:36:15,086 - Time: 0.41s | Pos: 0.1040m | Error: 0.3960m | Vel: 0.4028m/s
2025-05-15 15:36:15,086 - Scaled Error: 0.7920 | Scaled dError: -0.5036
2025-05-15 15:36:15,110 - Control output: Beam angle = 0.0744 rad

2025-05-15 15:36:16,574 - Time: 0.50s | Pos: 0.1404m | Error: 0.3596m | Vel: 0.4410m/s
2025-05-15 15:36:16,574 - Scaled Error: 0.7192 | Scaled dError: -0.5512
2025-05-15 15:36:16,598 - Control output: Beam angle = 0.0404 rad

2025-05-15 15:36:18,260 - Time: 0.79s | Pos: 0.2733m | Error: 0.2267m | Vel: 0.4477m/s
2025-05-15 15:36:18,260 - Scaled Error: 0.4534 | Scaled dError: -0.5596
2025-05-15 15:36:18,304 - Control output: Beam angle = -0.0192 rad

2025-05-15 15:36:19,825 - Time: 0.86s | Pos: 0.3041m | Error: 0.1959m | Vel: 0.4379m/s
2025-05-15 15:36:19,825 - Scaled Error: 0.3917 | Scaled dError: -0.5474
2025-05-15 15:36:19,854 - Control output: Beam angle = -0.0407 rad

2025-05-15 15:36:21,258 - Time: 1.04s | Pos: 0.3784m | Error: 0.1216m | Vel: 0.3566m/s
2025-05-15 15:36:21,259 - Scaled Error: 0.2432 | Scaled dError: -0.4458
2025-05-15 15:36:21,287 - Control output: Beam angle = -0.0750 rad

2025-05-15 15:36:22,974 - Time: 1.11s | Pos: 0.4003m | Error: 0.0997m | Vel: 0.3230m/s
2025-05-15 15:36:22,974 - Scaled Error: 0.1994 | Scaled dError: -0.4038
2025-05-15 15:36:23,017 - Control output: Beam angle = -0.0750 rad

2025-05-15 15:36:24,398 - Time: 1.27s | Pos: 0.4467m | Error: 0.0533m | Vel: 0.2570m/s
2025-05-15 15:36:24,399 - Scaled Error: 0.1066 | Scaled dError: -0.3213
2025-05-15 15:36:24,422 - Control output: Beam angle = -0.0434 rad

2025-05-15 15:36:25,797 - Time: 1.42s | Pos: 0.4802m | Error: 0.0198m | Vel: 0.1917m/s
2025-05-15 15:36:25,797 - Scaled Error: 0.0395 | Scaled dError: -0.2396
2025-05-15 15:36:25,827 - Control output: Beam angle = -0.0750 rad

2025-05-15 15:36:27,463 - Time: 1.55s | Pos: 0.5003m | Error: -0.0003m | Vel: 0.1250m/s
2025-05-15 15:36:27,464 - Scaled Error: -0.0007 | Scaled dError: -0.1563
2025-05-15 15:36:27,508 - Control output: Beam angle = -0.0750 rad

2025-05-15 15:36:29,134 - Time: 1.68s | Pos: 0.5134m | Error: -0.0134m | Vel: 0.0691m/s
2025-05-15 15:36:29,134 - Scaled Error: -0.0268 | Scaled dError: -0.0864
2025-05-15 15:36:29,166 - Control output: Beam angle = -0.0382 rad

2025-05-15 15:36:30,844 - Time: 1.93s | Pos: 0.5258m | Error: -0.0258m | Vel: 0.0418m/s
2025-05-15 15:36:30,845 - Scaled Error: -0.0516 | Scaled dError: -0.0522
2025-05-15 15:36:30,874 - Control output: Beam angle = -0.0033 rad

2025-05-15 15:36:32,111 - Time: 2.18s | Pos: 0.5340m | Error: -0.0340m | Vel: 0.0171m/s
2025-05-15 15:36:32,111 - Scaled Error: -0.0679 | Scaled dError: -0.0213
2025-05-15 15:36:32,163 - Control output: Beam angle = -0.0220 rad

2025-05-15 15:36:33,762 - Time: 2.52s | Pos: 0.5305m | Error: -0.0305m | Vel: -0.0342m/s
2025-05-15 15:36:33,763 - Scaled Error: -0.0611 | Scaled dError: 0.0428
2025-05-15 15:36:33,804 - Control output: Beam angle = -0.0146 rad

2025-05-15 15:36:35,866 - Time: 2.64s | Pos: 0.5261m | Error: -0.0261m | Vel: -0.0413m/s
2025-05-15 15:36:35,867 - Scaled Error: -0.0522 | Scaled dError: 0.0516
2025-05-15 15:36:35,911 - Control output: Beam angle = -0.0008 rad

2025-05-15 15:36:37,280 - Time: 3.18s | Pos: 0.5046m | Error: -0.0046m | Vel: -0.0393m/s
2025-05-15 15:36:37,282 - Scaled Error: -0.0093 | Scaled dError: 0.0491
2025-05-15 15:36:37,318 - Control output: Beam angle = 0.0001 rad

2025-05-15 15:36:38,832 - Time: 3.92s | Pos: 0.4755m | Error: 0.0245m | Vel: -0.0392m/s
2025-05-15 15:36:38,832 - Scaled Error: 0.0489 | Scaled dError: 0.0490
2025-05-15 15:36:38,882 - Control output: Beam angle = 0.0000 rad

2025-05-15 15:36:40,145 - Time: 4.15s | Pos: 0.4678m | Error: 0.0322m | Vel: -0.0234m/s
2025-05-15 15:36:40,145 - Scaled Error: 0.0643 | Scaled dError: 0.0292
2025-05-15 15:36:40,168 - Control output: Beam angle = 0.0182 rad

2025-05-15 15:36:41,867 - Time: 4.36s | Pos: 0.4660m | Error: 0.0340m | Vel: 0.0080m/s
2025-05-15 15:36:41,868 - Scaled Error: 0.0680 | Scaled dError: -0.0099
2025-05-15 15:36:41,928 - Control output: Beam angle = 0.0220 rad

2025-05-15 15:36:43,760 - Time: 4.66s | Pos: 0.4742m | Error: 0.0258m | Vel: 0.0390m/s
2025-05-15 15:36:43,761 - Scaled Error: 0.0517 | Scaled dError: -0.0487
2025-05-15 15:36:43,786 - Control output: Beam angle = 0.0024 rad

2025-05-15 15:36:45,685 - Time: 4.77s | Pos: 0.4786m | Error: 0.0214m | Vel: 0.0392m/s
2025-05-15 15:36:45,685 - Scaled Error: 0.0428 | Scaled dError: -0.0491
2025-05-15 15:36:45,717 - Control output: Beam angle = -0.0000 rad

2025-05-15 15:36:47,565 - Time: 0.41s | Pos: 0.1036m | Error: 0.3964m | Vel: 0.4023m/s
2025-05-15 15:36:47,566 - Scaled Error: 0.7928 | Scaled dError: -0.5029
2025-05-15 15:36:47,602 - Control output: Beam angle = 0.0745 rad

2025-05-15 15:36:49,337 - Time: 0.91s | Pos: 0.3262m | Error: 0.1738m | Vel: 0.4170m/s
2025-05-15 15:36:49,338 - Scaled Error: 0.3476 | Scaled dError: -0.5212
2025-05-15 15:36:49,401 - Control output: Beam angle = -0.0593 rad

2025-05-15 15:36:51,494 - Time: 1.41s | Pos: 0.4787m | Error: 0.0213m | Vel: 0.1960m/s
2025-05-15 15:36:51,494 - Scaled Error: 0.0427 | Scaled dError: -0.2449
2025-05-15 15:36:51,523 - Control output: Beam angle = -0.0750 rad

2025-05-15 15:36:53,430 - Time: 1.91s | Pos: 0.5250m | Error: -0.0250m | Vel: 0.0423m/s
2025-05-15 15:36:53,430 - Scaled Error: -0.0500 | Scaled dError: -0.0529
2025-05-15 15:36:53,472 - Control output: Beam angle = -0.0041 rad

2025-05-15 15:36:55,198 - Time: 2.41s | Pos: 0.5336m | Error: -0.0336m | Vel: -0.0197m/s
2025-05-15 15:36:55,198 - Scaled Error: -0.0673 | Scaled dError: 0.0247
2025-05-15 15:36:55,267 - Control output: Beam angle = -0.0213 rad

2025-05-15 15:36:57,241 - Time: 2.91s | Pos: 0.5152m | Error: -0.0152m | Vel: -0.0396m/s
2025-05-15 15:36:57,241 - Scaled Error: -0.0303 | Scaled dError: 0.0495
2025-05-15 15:36:57,264 - Control output: Beam angle = 0.0003 rad

2025-05-15 15:36:59,090 - Time: 3.41s | Pos: 0.4955m | Error: 0.0045m | Vel: -0.0393m/s
2025-05-15 15:36:59,090 - Scaled Error: 0.0090 | Scaled dError: 0.0491
2025-05-15 15:36:59,127 - Control output: Beam angle = 0.0000 rad

2025-05-15 15:37:01,210 - Time: 3.91s | Pos: 0.4759m | Error: 0.0241m | Vel: -0.0392m/s
2025-05-15 15:37:01,211 - Scaled Error: 0.0483 | Scaled dError: 0.0490
2025-05-15 15:37:01,260 - Control output: Beam angle = 0.0000 rad

2025-05-15 15:37:03,240 - Time: 4.41s | Pos: 0.4666m | Error: 0.0334m | Vel: 0.0157m/s
2025-05-15 15:37:03,241 - Scaled Error: 0.0667 | Scaled dError: -0.0196
2025-05-15 15:37:03,326 - Control output: Beam angle = 0.0208 rad

2025-05-15 15:37:04,947 - Time: 4.91s | Pos: 0.4839m | Error: 0.0161m | Vel: 0.0392m/s
2025-05-15 15:37:04,947 - Scaled Error: 0.0321 | Scaled dError: -0.0490
2025-05-15 15:37:04,976 - Control output: Beam angle = -0.0000 rad

2025-05-15 15:37:05,298 - 
Performance Metrics:
2025-05-15 15:37:05,299 - Settling Time: 3.050 s
2025-05-15 15:37:05,299 - Overshoot: 6.97%
2025-05-15 15:37:05,299 - Steady-State Error: 0.012920 m
2025-05-15 15:37:08,285 - 
Running simulation with OptimizedPIDController...
2025-05-15 15:37:08,289 - Time: 0.00s | Pos: 0.0000m | Error: 0.5000m | Vel: 0.0029m/s
2025-05-15 15:37:08,289 - P term: 0.3500 | I term: 0.0015 | D term: -0.0035
2025-05-15 15:37:08,290 - PID output: Beam angle = 0.3479 rad

2025-05-15 15:37:08,292 - Time: 0.01s | Pos: 0.0000m | Error: 0.5000m | Vel: 0.0126m/s
2025-05-15 15:37:08,292 - P term: 0.3500 | I term: 0.0027 | D term: -0.0151
2025-05-15 15:37:08,293 - PID output: Beam angle = 0.3376 rad

2025-05-15 15:37:08,294 - Time: 0.02s | Pos: 0.0005m | Error: 0.4995m | Vel: 0.0446m/s
2025-05-15 15:37:08,295 - P term: 0.3497 | I term: 0.0040 | D term: -0.0535
2025-05-15 15:37:08,295 - PID output: Beam angle = 0.3002 rad

2025-05-15 15:37:08,297 - Time: 0.07s | Pos: 0.0045m | Error: 0.4955m | Vel: 0.1241m/s
2025-05-15 15:37:08,297 - P term: 0.3469 | I term: 0.0057 | D term: -0.1489
2025-05-15 15:37:08,297 - PID output: Beam angle = 0.2037 rad

2025-05-15 15:37:08,301 - Time: 0.22s | Pos: 0.0357m | Error: 0.4643m | Vel: 0.2425m/s
2025-05-15 15:37:08,301 - P term: 0.3250 | I term: 0.0097 | D term: -0.2910
2025-05-15 15:37:08,302 - PID output: Beam angle = 0.0436 rad

2025-05-15 15:37:08,305 - Time: 0.54s | Pos: 0.1152m | Error: 0.3848m | Vel: 0.2500m/s
2025-05-15 15:37:08,306 - P term: 0.2693 | I term: 0.0164 | D term: -0.3001
2025-05-15 15:37:08,306 - PID output: Beam angle = -0.0143 rad

2025-05-15 15:37:08,309 - Time: 0.95s | Pos: 0.2082m | Error: 0.2918m | Vel: 0.2031m/s
2025-05-15 15:37:08,309 - P term: 0.2043 | I term: 0.0234 | D term: -0.2437
2025-05-15 15:37:08,310 - PID output: Beam angle = -0.0160 rad

2025-05-15 15:37:08,312 - Time: 1.46s | Pos: 0.2992m | Error: 0.2008m | Vel: 0.1522m/s
2025-05-15 15:37:08,312 - P term: 0.1405 | I term: 0.0298 | D term: -0.1826
2025-05-15 15:37:08,315 - PID output: Beam angle = -0.0123 rad

2025-05-15 15:37:08,318 - Time: 2.06s | Pos: 0.3769m | Error: 0.1231m | Vel: 0.1080m/s
2025-05-15 15:37:08,319 - P term: 0.0862 | I term: 0.0346 | D term: -0.1296
2025-05-15 15:37:08,319 - PID output: Beam angle = -0.0089 rad

2025-05-15 15:37:08,323 - Time: 2.71s | Pos: 0.4349m | Error: 0.0651m | Vel: 0.0745m/s
2025-05-15 15:37:08,323 - P term: 0.0456 | I term: 0.0376 | D term: -0.0894
2025-05-15 15:37:08,324 - PID output: Beam angle = -0.0062 rad

2025-05-15 15:37:08,327 - Time: 3.49s | Pos: 0.4816m | Error: 0.0184m | Vel: 0.0467m/s
2025-05-15 15:37:08,328 - P term: 0.0129 | I term: 0.0391 | D term: -0.0561
2025-05-15 15:37:08,329 - PID output: Beam angle = -0.0041 rad

2025-05-15 15:37:08,335 - Time: 4.54s | Pos: 0.5176m | Error: -0.0176m | Vel: 0.0241m/s
2025-05-15 15:37:08,336 - P term: -0.0123 | I term: 0.0390 | D term: -0.0289
2025-05-15 15:37:08,336 - PID output: Beam angle = -0.0023 rad

2025-05-15 15:37:08,338 - Time: 0.29s | Pos: 0.0522m | Error: 0.4478m | Vel: 0.2560m/s
2025-05-15 15:37:08,339 - P term: 0.3135 | I term: 0.0454 | D term: -0.3072
2025-05-15 15:37:08,339 - PID output: Beam angle = 0.0517 rad

2025-05-15 15:37:08,342 - Time: 0.79s | Pos: 0.1753m | Error: 0.3247m | Vel: 0.2209m/s
2025-05-15 15:37:08,343 - P term: 0.2273 | I term: 0.0500 | D term: -0.2651
2025-05-15 15:37:08,343 - PID output: Beam angle = 0.0122 rad

2025-05-15 15:37:08,345 - Time: 1.29s | Pos: 0.2719m | Error: 0.2281m | Vel: 0.1675m/s
2025-05-15 15:37:08,345 - P term: 0.1597 | I term: 0.0500 | D term: -0.2011
2025-05-15 15:37:08,346 - PID output: Beam angle = 0.0086 rad

2025-05-15 15:37:08,347 - Time: 1.79s | Pos: 0.3449m | Error: 0.1551m | Vel: 0.1263m/s
2025-05-15 15:37:08,347 - P term: 0.1086 | I term: 0.0500 | D term: -0.1515
2025-05-15 15:37:08,348 - PID output: Beam angle = 0.0070 rad

2025-05-15 15:37:08,349 - Time: 2.29s | Pos: 0.3998m | Error: 0.1002m | Vel: 0.0948m/s
2025-05-15 15:37:08,350 - P term: 0.0701 | I term: 0.0500 | D term: -0.1138
2025-05-15 15:37:08,350 - PID output: Beam angle = 0.0063 rad

2025-05-15 15:37:08,352 - Time: 2.79s | Pos: 0.4410m | Error: 0.0590m | Vel: 0.0709m/s
2025-05-15 15:37:08,353 - P term: 0.0413 | I term: 0.0500 | D term: -0.0851
2025-05-15 15:37:08,353 - PID output: Beam angle = 0.0062 rad

2025-05-15 15:37:08,354 - Time: 3.29s | Pos: 0.4717m | Error: 0.0283m | Vel: 0.0527m/s
2025-05-15 15:37:08,355 - P term: 0.0198 | I term: 0.0500 | D term: -0.0632
2025-05-15 15:37:08,355 - PID output: Beam angle = 0.0066 rad

2025-05-15 15:37:08,357 - Time: 3.79s | Pos: 0.4944m | Error: 0.0056m | Vel: 0.0389m/s
2025-05-15 15:37:08,357 - P term: 0.0039 | I term: 0.0500 | D term: -0.0466
2025-05-15 15:37:08,357 - PID output: Beam angle = 0.0073 rad

2025-05-15 15:37:08,359 - Time: 4.29s | Pos: 0.5111m | Error: -0.0111m | Vel: 0.0284m/s
2025-05-15 15:37:08,360 - P term: -0.0078 | I term: 0.0499 | D term: -0.0340
2025-05-15 15:37:08,360 - PID output: Beam angle = 0.0081 rad

2025-05-15 15:37:08,362 - Time: 4.79s | Pos: 0.5232m | Error: -0.0232m | Vel: 0.0204m/s
2025-05-15 15:37:08,362 - P term: -0.0162 | I term: 0.0495 | D term: -0.0245
2025-05-15 15:37:08,362 - PID output: Beam angle = 0.0088 rad

2025-05-15 15:37:08,364 - 
Performance Metrics:
2025-05-15 15:37:08,364 - Settling Time: 3.690 s
2025-05-15 15:37:08,364 - Overshoot: 5.40%
2025-05-15 15:37:08,364 - Steady-State Error: 0.027008 m
2025-05-15 15:37:09,708 - 
=== Test Case: Distant Start ===
2025-05-15 15:37:09,709 - 
Running simulation with ImprovedFuzzyController...
2025-05-15 15:37:10,948 - Time: 0.07s | Pos: -0.7952m | Error: 1.2952m | Vel: 0.1101m/s
2025-05-15 15:37:10,948 - Scaled Error: 1.0000 | Scaled dError: -0.1377
2025-05-15 15:37:10,975 - Control output: Beam angle = 0.2139 rad

2025-05-15 15:37:12,758 - Time: 0.08s | Pos: -0.7939m | Error: 1.2939m | Vel: 0.1390m/s
2025-05-15 15:37:12,758 - Scaled Error: 1.0000 | Scaled dError: -0.1738
2025-05-15 15:37:12,795 - Control output: Beam angle = 0.2000 rad

2025-05-15 15:37:14,611 - Time: 0.11s | Pos: -0.7894m | Error: 1.2894m | Vel: 0.1791m/s
2025-05-15 15:37:14,611 - Scaled Error: 1.0000 | Scaled dError: -0.2239
2025-05-15 15:37:14,635 - Control output: Beam angle = 0.2000 rad

2025-05-15 15:37:16,124 - Time: 0.24s | Pos: -0.7557m | Error: 1.2557m | Vel: 0.3172m/s
2025-05-15 15:37:16,125 - Scaled Error: 1.0000 | Scaled dError: -0.3965
2025-05-15 15:37:16,147 - Control output: Beam angle = 0.0811 rad

2025-05-15 15:37:17,602 - Time: 0.51s | Pos: -0.6516m | Error: 1.1516m | Vel: 0.4548m/s
2025-05-15 15:37:17,602 - Scaled Error: 1.0000 | Scaled dError: -0.5686
2025-05-15 15:37:17,653 - Control output: Beam angle = 0.0661 rad

2025-05-15 15:37:19,209 - Time: 0.93s | Pos: -0.4302m | Error: 0.9302m | Vel: 0.5841m/s
2025-05-15 15:37:19,210 - Scaled Error: 1.0000 | Scaled dError: -0.7302
2025-05-15 15:37:19,282 - Control output: Beam angle = 0.0177 rad

2025-05-15 15:37:20,842 - Time: 2.04s | Pos: 0.2356m | Error: 0.2644m | Vel: 0.6672m/s
2025-05-15 15:37:20,843 - Scaled Error: 0.5289 | Scaled dError: -0.8340
2025-05-15 15:37:20,904 - Control output: Beam angle = -0.0709 rad

2025-05-15 15:37:22,282 - Time: 1.86s | Pos: 0.1283m | Error: 0.3717m | Vel: 0.6003m/s
2025-05-15 15:37:22,283 - Scaled Error: 0.7435 | Scaled dError: -0.7504
2025-05-15 15:37:22,313 - Control output: Beam angle = -0.0064 rad

2025-05-15 15:37:23,598 - Time: 1.97s | Pos: 0.1904m | Error: 0.3096m | Vel: 0.5783m/s
2025-05-15 15:37:23,598 - Scaled Error: 0.6192 | Scaled dError: -0.7229
2025-05-15 15:37:23,631 - Control output: Beam angle = -0.0351 rad

2025-05-15 15:37:25,326 - Time: 2.19s | Pos: 0.3105m | Error: 0.1895m | Vel: 0.5162m/s
2025-05-15 15:37:25,326 - Scaled Error: 0.3791 | Scaled dError: -0.6452
2025-05-15 15:37:25,356 - Control output: Beam angle = -0.0780 rad

2025-05-15 15:37:26,622 - Time: 2.23s | Pos: 0.3328m | Error: 0.1672m | Vel: 0.4795m/s
2025-05-15 15:37:26,623 - Scaled Error: 0.3344 | Scaled dError: -0.5994
2025-05-15 15:37:26,644 - Control output: Beam angle = -0.1033 rad

2025-05-15 15:37:28,120 - Time: 2.36s | Pos: 0.3889m | Error: 0.1111m | Vel: 0.3975m/s
2025-05-15 15:37:28,120 - Scaled Error: 0.2221 | Scaled dError: -0.4969
2025-05-15 15:37:28,156 - Control output: Beam angle = -0.0750 rad

2025-05-15 15:37:29,561 - Time: 2.89s | Pos: 0.5259m | Error: -0.0259m | Vel: 0.1192m/s
2025-05-15 15:37:29,562 - Scaled Error: -0.0519 | Scaled dError: -0.1490
2025-05-15 15:37:29,584 - Control output: Beam angle = -0.0745 rad

2025-05-15 15:37:30,875 - Time: 3.04s | Pos: 0.5394m | Error: -0.0394m | Vel: 0.0628m/s
2025-05-15 15:37:30,876 - Scaled Error: -0.0787 | Scaled dError: -0.0784
2025-05-15 15:37:30,907 - Control output: Beam angle = -0.0320 rad

2025-05-15 15:37:32,261 - Time: 3.16s | Pos: 0.5449m | Error: -0.0449m | Vel: 0.0331m/s
2025-05-15 15:37:32,263 - Scaled Error: -0.0899 | Scaled dError: -0.0414
2025-05-15 15:37:32,285 - Control output: Beam angle = -0.0408 rad

2025-05-15 15:37:33,969 - Time: 3.41s | Pos: 0.5440m | Error: -0.0440m | Vel: -0.0404m/s
2025-05-15 15:37:33,970 - Scaled Error: -0.0880 | Scaled dError: 0.0505
2025-05-15 15:37:33,992 - Control output: Beam angle = -0.0382 rad

2025-05-15 15:37:35,155 - Time: 3.52s | Pos: 0.5383m | Error: -0.0383m | Vel: -0.0554m/s
2025-05-15 15:37:35,156 - Scaled Error: -0.0765 | Scaled dError: 0.0692
2025-05-15 15:37:35,197 - Control output: Beam angle = -0.0063 rad

2025-05-15 15:37:36,848 - Time: 3.81s | Pos: 0.5231m | Error: -0.0231m | Vel: -0.0442m/s
2025-05-15 15:37:36,849 - Scaled Error: -0.0462 | Scaled dError: 0.0552
2025-05-15 15:37:36,874 - Control output: Beam angle = 0.0073 rad

2025-05-15 15:37:38,240 - Time: 4.14s | Pos: 0.5098m | Error: -0.0098m | Vel: -0.0396m/s
2025-05-15 15:37:38,241 - Scaled Error: -0.0196 | Scaled dError: 0.0495
2025-05-15 15:37:38,277 - Control output: Beam angle = 0.0004 rad

2025-05-15 15:37:39,885 - Time: 5.00s | Pos: 0.4758m | Error: 0.0242m | Vel: -0.0392m/s
2025-05-15 15:37:39,885 - Scaled Error: 0.0483 | Scaled dError: 0.0491
2025-05-15 15:37:39,920 - Control output: Beam angle = 0.0000 rad

2025-05-15 15:37:41,136 - Time: 0.49s | Pos: -0.6615m | Error: 1.1615m | Vel: 0.4446m/s
2025-05-15 15:37:41,136 - Scaled Error: 1.0000 | Scaled dError: -0.5557
2025-05-15 15:37:41,161 - Control output: Beam angle = 0.0678 rad

2025-05-15 15:37:42,904 - Time: 0.99s | Pos: -0.3940m | Error: 0.8940m | Vel: 0.5904m/s
2025-05-15 15:37:42,904 - Scaled Error: 1.0000 | Scaled dError: -0.7379
2025-05-15 15:37:42,934 - Control output: Beam angle = 0.0115 rad

2025-05-15 15:37:44,296 - Time: 1.49s | Pos: -0.0951m | Error: 0.5951m | Vel: 0.5999m/s
2025-05-15 15:37:44,297 - Scaled Error: 1.0000 | Scaled dError: -0.7499
2025-05-15 15:37:44,329 - Control output: Beam angle = 0.0002 rad

2025-05-15 15:37:46,032 - Time: 1.99s | Pos: 0.2035m | Error: 0.2965m | Vel: 0.5730m/s
2025-05-15 15:37:46,032 - Scaled Error: 0.5930 | Scaled dError: -0.7162
2025-05-15 15:37:46,073 - Control output: Beam angle = -0.0319 rad

2025-05-15 15:37:47,477 - Time: 2.49s | Pos: 0.4361m | Error: 0.0639m | Vel: 0.3295m/s
2025-05-15 15:37:47,478 - Scaled Error: 0.1278 | Scaled dError: -0.4119
2025-05-15 15:37:47,500 - Control output: Beam angle = -0.0750 rad

2025-05-15 15:37:48,810 - Time: 2.99s | Pos: 0.5356m | Error: -0.0356m | Vel: 0.0775m/s
2025-05-15 15:37:48,811 - Scaled Error: -0.0711 | Scaled dError: -0.0969
2025-05-15 15:37:48,836 - Control output: Beam angle = -0.0459 rad

2025-05-15 15:37:50,338 - Time: 3.49s | Pos: 0.5400m | Error: -0.0400m | Vel: -0.0534m/s
2025-05-15 15:37:50,339 - Scaled Error: -0.0800 | Scaled dError: 0.0667
2025-05-15 15:37:50,381 - Control output: Beam angle = -0.0115 rad

2025-05-15 15:37:51,982 - Time: 3.99s | Pos: 0.5156m | Error: -0.0156m | Vel: -0.0404m/s
2025-05-15 15:37:51,983 - Scaled Error: -0.0313 | Scaled dError: 0.0504
2025-05-15 15:37:52,009 - Control output: Beam angle = 0.0011 rad

2025-05-15 15:37:53,586 - Time: 4.49s | Pos: 0.4959m | Error: 0.0041m | Vel: -0.0393m/s
2025-05-15 15:37:53,586 - Scaled Error: 0.0083 | Scaled dError: 0.0491
2025-05-15 15:37:53,623 - Control output: Beam angle = 0.0000 rad

2025-05-15 15:37:54,952 - Time: 4.99s | Pos: 0.4762m | Error: 0.0238m | Vel: -0.0392m/s
2025-05-15 15:37:54,952 - Scaled Error: 0.0475 | Scaled dError: 0.0491
2025-05-15 15:37:54,973 - Control output: Beam angle = 0.0000 rad

2025-05-15 15:37:54,974 - 
Performance Metrics:
2025-05-15 15:37:54,974 - Settling Time: 4.140 s
2025-05-15 15:37:54,975 - Overshoot: 9.36%
2025-05-15 15:37:54,975 - Steady-State Error: 0.023769 m
2025-05-15 15:37:57,467 - 
Running simulation with OptimizedPIDController...
2025-05-15 15:37:57,470 - Time: 0.10s | Pos: -0.7871m | Error: 1.2871m | Vel: 0.2688m/s
2025-05-15 15:37:57,471 - P term: 0.9010 | I term: 0.0500 | D term: -0.3226
2025-05-15 15:37:57,471 - PID output: Beam angle = 0.4000 rad

2025-05-15 15:37:57,476 - Time: 0.20s | Pos: -0.7462m | Error: 1.2462m | Vel: 0.5344m/s
2025-05-15 15:37:57,476 - P term: 0.8724 | I term: 0.0500 | D term: -0.6412
2025-05-15 15:37:57,478 - PID output: Beam angle = 0.2811 rad

2025-05-15 15:37:57,483 - Time: 0.56s | Pos: -0.5095m | Error: 1.0095m | Vel: 0.6636m/s
2025-05-15 15:37:57,483 - P term: 0.7066 | I term: 0.0500 | D term: -0.7964
2025-05-15 15:37:57,484 - PID output: Beam angle = -0.0398 rad

2025-05-15 15:37:57,487 - Time: 1.29s | Pos: -0.1093m | Error: 0.6093m | Vel: 0.4294m/s
2025-05-15 15:37:57,488 - P term: 0.4265 | I term: 0.0500 | D term: -0.5153
2025-05-15 15:37:57,489 - PID output: Beam angle = -0.0388 rad

2025-05-15 15:37:57,492 - Time: 3.42s | Pos: 0.3941m | Error: 0.1059m | Vel: 0.1119m/s
2025-05-15 15:37:57,494 - P term: 0.0741 | I term: 0.0500 | D term: -0.1342
2025-05-15 15:37:57,494 - PID output: Beam angle = -0.0101 rad

2025-05-15 15:37:57,499 - Time: 4.78s | Pos: 0.4962m | Error: 0.0038m | Vel: 0.0475m/s
2025-05-15 15:37:57,499 - P term: 0.0027 | I term: 0.0500 | D term: -0.0570
2025-05-15 15:37:57,500 - PID output: Beam angle = -0.0043 rad

2025-05-15 15:37:57,509 - Time: 0.15s | Pos: -0.7684m | Error: 1.2684m | Vel: 0.4213m/s
2025-05-15 15:37:57,510 - P term: 0.8879 | I term: 0.0500 | D term: -0.5056
2025-05-15 15:37:57,511 - PID output: Beam angle = 0.4000 rad

2025-05-15 15:37:57,513 - Time: 0.65s | Pos: -0.4481m | Error: 0.9481m | Vel: 0.6344m/s
2025-05-15 15:37:57,514 - P term: 0.6637 | I term: 0.0500 | D term: -0.7613
2025-05-15 15:37:57,514 - PID output: Beam angle = -0.0477 rad

2025-05-15 15:37:57,516 - Time: 1.15s | Pos: -0.1731m | Error: 0.6731m | Vel: 0.4696m/s
2025-05-15 15:37:57,516 - P term: 0.4712 | I term: 0.0500 | D term: -0.5635
2025-05-15 15:37:57,516 - PID output: Beam angle = -0.0423 rad

2025-05-15 15:37:57,518 - Time: 1.65s | Pos: 0.0283m | Error: 0.4717m | Vel: 0.3426m/s
2025-05-15 15:37:57,518 - P term: 0.3302 | I term: 0.0500 | D term: -0.4112
2025-05-15 15:37:57,519 - PID output: Beam angle = -0.0310 rad

2025-05-15 15:37:57,521 - Time: 2.15s | Pos: 0.1752m | Error: 0.3248m | Vel: 0.2499m/s
2025-05-15 15:37:57,522 - P term: 0.2274 | I term: 0.0500 | D term: -0.2999
2025-05-15 15:37:57,522 - PID output: Beam angle = -0.0226 rad

2025-05-15 15:37:57,524 - Time: 2.65s | Pos: 0.2824m | Error: 0.2176m | Vel: 0.1823m/s
2025-05-15 15:37:57,524 - P term: 0.1523 | I term: 0.0500 | D term: -0.2188
2025-05-15 15:37:57,524 - PID output: Beam angle = -0.0165 rad

2025-05-15 15:37:57,526 - Time: 3.15s | Pos: 0.3606m | Error: 0.1394m | Vel: 0.1330m/s
2025-05-15 15:37:57,526 - P term: 0.0976 | I term: 0.0500 | D term: -0.1596
2025-05-15 15:37:57,526 - PID output: Beam angle = -0.0120 rad

2025-05-15 15:37:57,528 - Time: 3.65s | Pos: 0.4176m | Error: 0.0824m | Vel: 0.0970m/s
2025-05-15 15:37:57,528 - P term: 0.0577 | I term: 0.0500 | D term: -0.1164
2025-05-15 15:37:57,529 - PID output: Beam angle = -0.0088 rad

2025-05-15 15:37:57,530 - Time: 4.15s | Pos: 0.4592m | Error: 0.0408m | Vel: 0.0708m/s
2025-05-15 15:37:57,530 - P term: 0.0285 | I term: 0.0500 | D term: -0.0849
2025-05-15 15:37:57,530 - PID output: Beam angle = -0.0064 rad

2025-05-15 15:37:57,533 - Time: 4.65s | Pos: 0.4896m | Error: 0.0104m | Vel: 0.0516m/s
2025-05-15 15:37:57,533 - P term: 0.0073 | I term: 0.0500 | D term: -0.0620
2025-05-15 15:37:57,534 - PID output: Beam angle = -0.0047 rad

2025-05-15 15:37:57,536 - 
Performance Metrics:
2025-05-15 15:37:57,536 - Settling Time: 4.660 s
2025-05-15 15:37:57,537 - Overshoot: 1.07%
2025-05-15 15:37:57,537 - Steady-State Error: 0.005373 m
2025-05-15 15:37:59,233 - 
=== Test Case: Initial Velocity ===
2025-05-15 15:37:59,234 - 
Running simulation with ImprovedFuzzyController...
2025-05-15 15:38:01,055 - Time: 1.06s | Pos: 0.5104m | Error: -0.0104m | Vel: 0.7403m/s
2025-05-15 15:38:01,056 - Scaled Error: -0.0208 | Scaled dError: -0.9253
2025-05-15 15:38:01,090 - Control output: Beam angle = -0.2000 rad

2025-05-15 15:38:02,614 - Time: 0.32s | Pos: 0.1248m | Error: 0.3752m | Vel: 0.4664m/s
2025-05-15 15:38:02,615 - Scaled Error: 0.7505 | Scaled dError: -0.5829
2025-05-15 15:38:02,661 - Control output: Beam angle = 0.0622 rad

2025-05-15 15:38:04,280 - Time: 0.67s | Pos: 0.2906m | Error: 0.2094m | Vel: 0.4779m/s
2025-05-15 15:38:04,280 - Scaled Error: 0.4188 | Scaled dError: -0.5974
2025-05-15 15:38:04,307 - Control output: Beam angle = -0.0291 rad

2025-05-15 15:38:05,485 - Time: 0.75s | Pos: 0.3266m | Error: 0.1734m | Vel: 0.4311m/s
2025-05-15 15:38:05,486 - Scaled Error: 0.3468 | Scaled dError: -0.5389
2025-05-15 15:38:05,509 - Control output: Beam angle = -0.0719 rad

2025-05-15 15:38:06,977 - Time: 0.71s | Pos: 0.3114m | Error: 0.1886m | Vel: 0.4489m/s
2025-05-15 15:38:06,978 - Scaled Error: 0.3773 | Scaled dError: -0.5611
2025-05-15 15:38:07,036 - Control output: Beam angle = -0.0729 rad

2025-05-15 15:38:08,569 - Time: 0.95s | Pos: 0.4031m | Error: 0.0969m | Vel: 0.3338m/s
2025-05-15 15:38:08,569 - Scaled Error: 0.1938 | Scaled dError: -0.4173
2025-05-15 15:38:08,711 - Control output: Beam angle = -0.0750 rad

2025-05-15 15:38:10,359 - Time: 1.03s | Pos: 0.4286m | Error: 0.0714m | Vel: 0.2919m/s
2025-05-15 15:38:10,360 - Scaled Error: 0.1427 | Scaled dError: -0.3649
2025-05-15 15:38:10,453 - Control output: Beam angle = -0.0611 rad

2025-05-15 15:38:12,179 - Time: 1.20s | Pos: 0.4731m | Error: 0.0269m | Vel: 0.2226m/s
2025-05-15 15:38:12,179 - Scaled Error: 0.0539 | Scaled dError: -0.2783
2025-05-15 15:38:12,230 - Control output: Beam angle = -0.0730 rad

2025-05-15 15:38:13,807 - Time: 1.36s | Pos: 0.5018m | Error: -0.0018m | Vel: 0.1392m/s
2025-05-15 15:38:13,807 - Scaled Error: -0.0037 | Scaled dError: -0.1739
2025-05-15 15:38:13,829 - Control output: Beam angle = -0.0750 rad

2025-05-15 15:38:15,400 - Time: 1.62s | Pos: 0.5241m | Error: -0.0241m | Vel: 0.0510m/s
2025-05-15 15:38:15,400 - Scaled Error: -0.0482 | Scaled dError: -0.0638
2025-05-15 15:38:15,424 - Control output: Beam angle = -0.0176 rad

2025-05-15 15:38:17,015 - Time: 1.73s | Pos: 0.5289m | Error: -0.0289m | Vel: 0.0427m/s
2025-05-15 15:38:17,015 - Scaled Error: -0.0579 | Scaled dError: -0.0533
2025-05-15 15:38:17,043 - Control output: Beam angle = -0.0107 rad

2025-05-15 15:38:18,715 - Time: 2.01s | Pos: 0.5359m | Error: -0.0359m | Vel: 0.0010m/s
2025-05-15 15:38:18,716 - Scaled Error: -0.0718 | Scaled dError: -0.0013
2025-05-15 15:38:18,734 - Control output: Beam angle = -0.0258 rad

2025-05-15 15:38:20,536 - Time: 2.29s | Pos: 0.5299m | Error: -0.0299m | Vel: -0.0407m/s
2025-05-15 15:38:20,536 - Scaled Error: -0.0597 | Scaled dError: 0.0509
2025-05-15 15:38:20,581 - Control output: Beam angle = -0.0115 rad

2025-05-15 15:38:22,827 - Time: 2.47s | Pos: 0.5222m | Error: -0.0222m | Vel: -0.0411m/s
2025-05-15 15:38:22,827 - Scaled Error: -0.0444 | Scaled dError: 0.0513
2025-05-15 15:38:22,904 - Control output: Beam angle = 0.0019 rad

2025-05-15 15:38:25,251 - Time: 2.85s | Pos: 0.5069m | Error: -0.0069m | Vel: -0.0394m/s
2025-05-15 15:38:25,252 - Scaled Error: -0.0139 | Scaled dError: 0.0492
2025-05-15 15:38:25,283 - Control output: Beam angle = 0.0001 rad

2025-05-15 15:38:27,513 - Time: 3.64s | Pos: 0.4763m | Error: 0.0237m | Vel: -0.0392m/s
2025-05-15 15:38:27,513 - Scaled Error: 0.0475 | Scaled dError: 0.0490
2025-05-15 15:38:27,571 - Control output: Beam angle = 0.0000 rad

2025-05-15 15:38:29,759 - Time: 3.70s | Pos: 0.4738m | Error: 0.0262m | Vel: -0.0388m/s
2025-05-15 15:38:29,759 - Scaled Error: 0.0525 | Scaled dError: 0.0485
2025-05-15 15:38:29,797 - Control output: Beam angle = 0.0036 rad

2025-05-15 15:38:32,243 - Time: 4.01s | Pos: 0.4659m | Error: 0.0341m | Vel: -0.0051m/s
2025-05-15 15:38:32,244 - Scaled Error: 0.0682 | Scaled dError: 0.0063
2025-05-15 15:38:32,411 - Control output: Beam angle = 0.0223 rad

2025-05-15 15:38:34,274 - Time: 4.41s | Pos: 0.4749m | Error: 0.0251m | Vel: 0.0392m/s
2025-05-15 15:38:34,275 - Scaled Error: 0.0503 | Scaled dError: -0.0490
2025-05-15 15:38:34,320 - Control output: Beam angle = 0.0009 rad

2025-05-15 15:38:36,690 - Time: 4.85s | Pos: 0.4919m | Error: 0.0081m | Vel: 0.0392m/s
2025-05-15 15:38:36,690 - Scaled Error: 0.0162 | Scaled dError: -0.0490
2025-05-15 15:38:36,752 - Control output: Beam angle = -0.0000 rad

2025-05-15 15:38:38,792 - Time: 0.45s | Pos: 0.1862m | Error: 0.3138m | Vel: 0.4870m/s
2025-05-15 15:38:38,792 - Scaled Error: 0.6277 | Scaled dError: -0.6087
2025-05-15 15:38:38,849 - Control output: Beam angle = 0.0037 rad

2025-05-15 15:38:40,804 - Time: 0.95s | Pos: 0.4036m | Error: 0.0964m | Vel: 0.3311m/s
2025-05-15 15:38:40,804 - Scaled Error: 0.1927 | Scaled dError: -0.4139
2025-05-15 15:38:40,856 - Control output: Beam angle = -0.0750 rad

2025-05-15 15:38:42,934 - Time: 1.45s | Pos: 0.5122m | Error: -0.0122m | Vel: 0.0954m/s
2025-05-15 15:38:42,934 - Scaled Error: -0.0244 | Scaled dError: -0.1193
2025-05-15 15:38:42,960 - Control output: Beam angle = -0.0593 rad

2025-05-15 15:38:44,883 - Time: 1.95s | Pos: 0.5355m | Error: -0.0355m | Vel: 0.0125m/s
2025-05-15 15:38:44,884 - Scaled Error: -0.0710 | Scaled dError: -0.0156
2025-05-15 15:38:45,018 - Control output: Beam angle = -0.0250 rad

2025-05-15 15:38:47,072 - Time: 2.45s | Pos: 0.5231m | Error: -0.0231m | Vel: -0.0414m/s
2025-05-15 15:38:47,072 - Scaled Error: -0.0462 | Scaled dError: 0.0517
2025-05-15 15:38:47,123 - Control output: Beam angle = 0.0025 rad

2025-05-15 15:38:49,240 - Time: 2.95s | Pos: 0.5032m | Error: -0.0032m | Vel: -0.0393m/s
2025-05-15 15:38:49,240 - Scaled Error: -0.0063 | Scaled dError: 0.0491
2025-05-15 15:38:49,286 - Control output: Beam angle = 0.0001 rad

2025-05-15 15:38:51,214 - Time: 3.45s | Pos: 0.4835m | Error: 0.0165m | Vel: -0.0392m/s
2025-05-15 15:38:51,214 - Scaled Error: 0.0329 | Scaled dError: 0.0491
2025-05-15 15:38:51,281 - Control output: Beam angle = 0.0000 rad

2025-05-15 15:38:53,405 - Time: 3.95s | Pos: 0.4665m | Error: 0.0335m | Vel: -0.0142m/s
2025-05-15 15:38:53,406 - Scaled Error: 0.0670 | Scaled dError: 0.0178
2025-05-15 15:38:53,450 - Control output: Beam angle = 0.0211 rad

2025-05-15 15:38:55,606 - Time: 4.45s | Pos: 0.4763m | Error: 0.0237m | Vel: 0.0392m/s
2025-05-15 15:38:55,607 - Scaled Error: 0.0475 | Scaled dError: -0.0491
2025-05-15 15:38:55,662 - Control output: Beam angle = -0.0000 rad

2025-05-15 15:38:58,323 - Time: 4.95s | Pos: 0.4959m | Error: 0.0041m | Vel: 0.0392m/s
2025-05-15 15:38:58,323 - Scaled Error: 0.0082 | Scaled dError: -0.0490
2025-05-15 15:38:58,381 - Control output: Beam angle = -0.0000 rad

2025-05-15 15:38:58,610 - 
Performance Metrics:
2025-05-15 15:38:58,611 - Settling Time: 2.780 s
2025-05-15 15:38:58,612 - Overshoot: 7.19%
2025-05-15 15:38:58,612 - Steady-State Error: 0.002545 m
2025-05-15 15:39:01,844 - 
Running simulation with OptimizedPIDController...
2025-05-15 15:39:01,847 - Time: 0.04s | Pos: 0.0114m | Error: 0.4886m | Vel: 0.3081m/s
2025-05-15 15:39:01,847 - P term: 0.3420 | I term: 0.0500 | D term: -0.3697
2025-05-15 15:39:01,847 - PID output: Beam angle = 0.0223 rad

2025-05-15 15:39:01,850 - Time: 0.49s | Pos: 0.1464m | Error: 0.3536m | Vel: 0.2669m/s
2025-05-15 15:39:01,850 - P term: 0.2475 | I term: 0.0500 | D term: -0.3203
2025-05-15 15:39:01,850 - PID output: Beam angle = -0.0227 rad

2025-05-15 15:39:01,853 - Time: 1.56s | Pos: 0.3544m | Error: 0.1456m | Vel: 0.1369m/s
2025-05-15 15:39:01,854 - P term: 0.1020 | I term: 0.0500 | D term: -0.1643
2025-05-15 15:39:01,854 - PID output: Beam angle = -0.0124 rad

2025-05-15 15:39:01,856 - Time: 3.19s | Pos: 0.4938m | Error: 0.0062m | Vel: 0.0489m/s
2025-05-15 15:39:01,857 - P term: 0.0043 | I term: 0.0499 | D term: -0.0587
2025-05-15 15:39:01,857 - PID output: Beam angle = -0.0045 rad

2025-05-15 15:39:01,860 - Time: 3.61s | Pos: 0.5120m | Error: -0.0120m | Vel: 0.0372m/s
2025-05-15 15:39:01,860 - P term: -0.0084 | I term: 0.0496 | D term: -0.0447
2025-05-15 15:39:01,860 - PID output: Beam angle = -0.0036 rad

2025-05-15 15:39:01,863 - Time: 4.41s | Pos: 0.5351m | Error: -0.0351m | Vel: 0.0218m/s
2025-05-15 15:39:01,864 - P term: -0.0246 | I term: 0.0485 | D term: -0.0262
2025-05-15 15:39:01,865 - PID output: Beam angle = -0.0022 rad

2025-05-15 15:39:01,867 - Time: 4.69s | Pos: 0.5405m | Error: -0.0405m | Vel: 0.0176m/s
2025-05-15 15:39:01,867 - P term: -0.0284 | I term: 0.0473 | D term: -0.0211
2025-05-15 15:39:01,867 - PID output: Beam angle = -0.0021 rad

2025-05-15 15:39:01,870 - Time: 4.99s | Pos: 0.5453m | Error: -0.0453m | Vel: 0.0137m/s
2025-05-15 15:39:01,870 - P term: -0.0317 | I term: 0.0467 | D term: -0.0165
2025-05-15 15:39:01,871 - PID output: Beam angle = -0.0016 rad

2025-05-15 15:39:01,873 - Time: 0.41s | Pos: 0.1240m | Error: 0.3760m | Vel: 0.2797m/s
2025-05-15 15:39:01,874 - P term: 0.2632 | I term: 0.0500 | D term: -0.3357
2025-05-15 15:39:01,874 - PID output: Beam angle = -0.0225 rad

2025-05-15 15:39:01,874 - Time: 0.91s | Pos: 0.2448m | Error: 0.2552m | Vel: 0.2060m/s
2025-05-15 15:39:01,875 - P term: 0.1786 | I term: 0.0500 | D term: -0.2472
2025-05-15 15:39:01,875 - PID output: Beam angle = -0.0185 rad

2025-05-15 15:39:01,876 - Time: 1.41s | Pos: 0.3331m | Error: 0.1669m | Vel: 0.1503m/s
2025-05-15 15:39:01,876 - P term: 0.1168 | I term: 0.0500 | D term: -0.1804
2025-05-15 15:39:01,876 - PID output: Beam angle = -0.0136 rad

2025-05-15 15:39:01,878 - Time: 1.91s | Pos: 0.3976m | Error: 0.1024m | Vel: 0.1096m/s
2025-05-15 15:39:01,878 - P term: 0.0717 | I term: 0.0500 | D term: -0.1316
2025-05-15 15:39:01,878 - PID output: Beam angle = -0.0099 rad

2025-05-15 15:39:01,879 - Time: 2.41s | Pos: 0.4446m | Error: 0.0554m | Vel: 0.0800m/s
2025-05-15 15:39:01,879 - P term: 0.0388 | I term: 0.0500 | D term: -0.0960
2025-05-15 15:39:01,880 - PID output: Beam angle = -0.0072 rad

2025-05-15 15:39:01,881 - Time: 2.91s | Pos: 0.4789m | Error: 0.0211m | Vel: 0.0584m/s
2025-05-15 15:39:01,881 - P term: 0.0148 | I term: 0.0500 | D term: -0.0700
2025-05-15 15:39:01,882 - PID output: Beam angle = -0.0053 rad

2025-05-15 15:39:01,883 - Time: 3.41s | Pos: 0.5039m | Error: -0.0039m | Vel: 0.0425m/s
2025-05-15 15:39:01,883 - P term: -0.0028 | I term: 0.0500 | D term: -0.0510
2025-05-15 15:39:01,883 - PID output: Beam angle = -0.0037 rad

2025-05-15 15:39:01,884 - Time: 3.91s | Pos: 0.5221m | Error: -0.0221m | Vel: 0.0306m/s
2025-05-15 15:39:01,884 - P term: -0.0154 | I term: 0.0496 | D term: -0.0367
2025-05-15 15:39:01,885 - PID output: Beam angle = -0.0025 rad

2025-05-15 15:39:01,885 - Time: 4.41s | Pos: 0.5351m | Error: -0.0351m | Vel: 0.0218m/s
2025-05-15 15:39:01,885 - P term: -0.0246 | I term: 0.0489 | D term: -0.0262
2025-05-15 15:39:01,885 - PID output: Beam angle = -0.0018 rad

2025-05-15 15:39:01,886 - Time: 4.91s | Pos: 0.5441m | Error: -0.0441m | Vel: 0.0147m/s
2025-05-15 15:39:01,886 - P term: -0.0309 | I term: 0.0479 | D term: -0.0176
2025-05-15 15:39:01,886 - PID output: Beam angle = -0.0006 rad

2025-05-15 15:39:01,887 - 
Performance Metrics:
2025-05-15 15:39:01,887 - Settling Time: 3.120 s
2025-05-15 15:39:01,889 - Overshoot: 9.05%
2025-05-15 15:39:01,889 - Steady-State Error: 0.045258 m
2025-05-15 15:39:04,220 - 
=== Test Case: Negative Setpoint ===
2025-05-15 15:39:04,220 - 
Running simulation with ImprovedFuzzyController...
2025-05-15 15:39:05,917 - Time: 0.04s | Pos: -0.0013m | Error: -0.2987m | Vel: -0.0622m/s
2025-05-15 15:39:05,918 - Scaled Error: -0.5974 | Scaled dError: 0.0777
2025-05-15 15:39:05,946 - Control output: Beam angle = -0.2037 rad

2025-05-15 15:39:07,812 - Time: 0.07s | Pos: -0.0036m | Error: -0.2964m | Vel: -0.0987m/s
2025-05-15 15:39:07,813 - Scaled Error: -0.5928 | Scaled dError: 0.1234
2025-05-15 15:39:07,842 - Control output: Beam angle = -0.1642 rad

2025-05-15 15:39:09,237 - Time: 0.10s | Pos: -0.0078m | Error: -0.2922m | Vel: -0.1311m/s
2025-05-15 15:39:09,238 - Scaled Error: -0.5845 | Scaled dError: 0.1639
2025-05-15 15:39:09,275 - Control output: Beam angle = -0.1140 rad

2025-05-15 15:39:10,968 - Time: 0.33s | Pos: -0.0559m | Error: -0.2441m | Vel: -0.2705m/s
2025-05-15 15:39:10,969 - Scaled Error: -0.4882 | Scaled dError: 0.3382
2025-05-15 15:39:11,021 - Control output: Beam angle = -0.0458 rad

2025-05-15 15:39:12,777 - Time: 0.53s | Pos: -0.1135m | Error: -0.1865m | Vel: -0.3060m/s
2025-05-15 15:39:12,777 - Scaled Error: -0.3729 | Scaled dError: 0.3825
2025-05-15 15:39:12,806 - Control output: Beam angle = 0.0073 rad

2025-05-15 15:39:14,446 - Time: 0.87s | Pos: -0.2064m | Error: -0.0936m | Vel: -0.2341m/s
2025-05-15 15:39:14,446 - Scaled Error: -0.1872 | Scaled dError: 0.2926
2025-05-15 15:39:14,473 - Control output: Beam angle = 0.0282 rad

2025-05-15 15:39:16,323 - Time: 1.09s | Pos: -0.2550m | Error: -0.0450m | Vel: -0.1869m/s
2025-05-15 15:39:16,323 - Scaled Error: -0.0901 | Scaled dError: 0.2336
2025-05-15 15:39:16,367 - Control output: Beam angle = 0.0540 rad

2025-05-15 15:39:17,754 - Time: 1.26s | Pos: -0.2803m | Error: -0.0197m | Vel: -0.1065m/s
2025-05-15 15:39:17,754 - Scaled Error: -0.0393 | Scaled dError: 0.1331
2025-05-15 15:39:17,782 - Control output: Beam angle = 0.0665 rad

2025-05-15 15:39:19,194 - Time: 1.52s | Pos: -0.2975m | Error: -0.0025m | Vel: -0.0457m/s
2025-05-15 15:39:19,195 - Scaled Error: -0.0050 | Scaled dError: 0.0572
2025-05-15 15:39:19,230 - Control output: Beam angle = 0.0099 rad

2025-05-15 15:39:20,621 - Time: 1.89s | Pos: -0.3129m | Error: 0.0129m | Vel: -0.0396m/s
2025-05-15 15:39:20,621 - Scaled Error: 0.0258 | Scaled dError: 0.0495
2025-05-15 15:39:20,643 - Control output: Beam angle = 0.0003 rad

2025-05-15 15:39:21,847 - Time: 2.19s | Pos: -0.3245m | Error: 0.0245m | Vel: -0.0393m/s
2025-05-15 15:39:21,847 - Scaled Error: 0.0491 | Scaled dError: 0.0491
2025-05-15 15:39:21,872 - Control output: Beam angle = 0.0000 rad

2025-05-15 15:39:23,629 - Time: 2.42s | Pos: -0.3324m | Error: 0.0324m | Vel: -0.0228m/s
2025-05-15 15:39:23,629 - Scaled Error: 0.0648 | Scaled dError: 0.0285
2025-05-15 15:39:23,672 - Control output: Beam angle = 0.0187 rad

2025-05-15 15:39:25,045 - Time: 2.77s | Pos: -0.3314m | Error: 0.0314m | Vel: 0.0275m/s
2025-05-15 15:39:25,045 - Scaled Error: 0.0629 | Scaled dError: -0.0343
2025-05-15 15:39:25,083 - Control output: Beam angle = 0.0166 rad

2025-05-15 15:39:26,463 - Time: 2.96s | Pos: -0.3246m | Error: 0.0246m | Vel: 0.0393m/s
2025-05-15 15:39:26,463 - Scaled Error: 0.0492 | Scaled dError: -0.0491
2025-05-15 15:39:26,493 - Control output: Beam angle = 0.0000 rad

2025-05-15 15:39:27,967 - Time: 4.02s | Pos: -0.2831m | Error: -0.0169m | Vel: 0.0392m/s
2025-05-15 15:39:27,967 - Scaled Error: -0.0339 | Scaled dError: -0.0490
2025-05-15 15:39:28,008 - Control output: Beam angle = -0.0000 rad

2025-05-15 15:39:29,731 - Time: 4.26s | Pos: -0.2738m | Error: -0.0262m | Vel: 0.0388m/s
2025-05-15 15:39:29,732 - Scaled Error: -0.0525 | Scaled dError: -0.0485
2025-05-15 15:39:29,791 - Control output: Beam angle = -0.0036 rad

2025-05-15 15:39:31,024 - Time: 4.60s | Pos: -0.2658m | Error: -0.0342m | Vel: 0.0004m/s
2025-05-15 15:39:31,025 - Scaled Error: -0.0684 | Scaled dError: -0.0005
2025-05-15 15:39:31,075 - Control output: Beam angle = -0.0224 rad

2025-05-15 15:39:32,667 - Time: 5.00s | Pos: -0.2760m | Error: -0.0240m | Vel: -0.0392m/s
2025-05-15 15:39:32,667 - Scaled Error: -0.0480 | Scaled dError: 0.0490
2025-05-15 15:39:32,714 - Control output: Beam angle = -0.0000 rad

2025-05-15 15:39:34,207 - Time: 0.13s | Pos: -0.0113m | Error: -0.2887m | Vel: -0.1511m/s
2025-05-15 15:39:34,207 - Scaled Error: -0.5773 | Scaled dError: 0.1888
2025-05-15 15:39:34,250 - Control output: Beam angle = -0.1112 rad

2025-05-15 15:39:35,592 - Time: 0.63s | Pos: -0.1437m | Error: -0.1563m | Vel: -0.2927m/s
2025-05-15 15:39:35,592 - Scaled Error: -0.3126 | Scaled dError: 0.3659
2025-05-15 15:39:35,630 - Control output: Beam angle = 0.0250 rad

2025-05-15 15:39:36,826 - Time: 1.13s | Pos: -0.2615m | Error: -0.0385m | Vel: -0.1721m/s
2025-05-15 15:39:36,827 - Scaled Error: -0.0770 | Scaled dError: 0.2152
2025-05-15 15:39:36,877 - Control output: Beam angle = 0.0613 rad

2025-05-15 15:39:38,584 - Time: 1.63s | Pos: -0.3023m | Error: 0.0023m | Vel: -0.0414m/s
2025-05-15 15:39:38,585 - Scaled Error: 0.0046 | Scaled dError: 0.0518
2025-05-15 15:39:38,635 - Control output: Beam angle = 0.0026 rad

2025-05-15 15:39:40,244 - Time: 2.13s | Pos: -0.3222m | Error: 0.0222m | Vel: -0.0393m/s
2025-05-15 15:39:40,244 - Scaled Error: 0.0444 | Scaled dError: 0.0491
2025-05-15 15:39:40,284 - Control output: Beam angle = 0.0001 rad

2025-05-15 15:39:41,685 - Time: 2.63s | Pos: -0.3340m | Error: 0.0340m | Vel: 0.0085m/s
2025-05-15 15:39:41,686 - Scaled Error: 0.0679 | Scaled dError: -0.0106
2025-05-15 15:39:41,719 - Control output: Beam angle = 0.0220 rad

2025-05-15 15:39:43,174 - Time: 3.13s | Pos: -0.3179m | Error: 0.0179m | Vel: 0.0393m/s
2025-05-15 15:39:43,174 - Scaled Error: 0.0359 | Scaled dError: -0.0491
2025-05-15 15:39:43,197 - Control output: Beam angle = -0.0000 rad

2025-05-15 15:39:44,865 - Time: 3.63s | Pos: -0.2983m | Error: -0.0017m | Vel: 0.0392m/s
2025-05-15 15:39:44,866 - Scaled Error: -0.0034 | Scaled dError: -0.0490
2025-05-15 15:39:44,886 - Control output: Beam angle = -0.0000 rad

2025-05-15 15:39:46,295 - Time: 4.13s | Pos: -0.2787m | Error: -0.0213m | Vel: 0.0392m/s
2025-05-15 15:39:46,296 - Scaled Error: -0.0426 | Scaled dError: -0.0490
2025-05-15 15:39:46,342 - Control output: Beam angle = -0.0000 rad

2025-05-15 15:39:47,599 - Time: 4.63s | Pos: -0.2659m | Error: -0.0341m | Vel: -0.0048m/s
2025-05-15 15:39:47,599 - Scaled Error: -0.0682 | Scaled dError: 0.0060
2025-05-15 15:39:47,620 - Control output: Beam angle = -0.0223 rad

2025-05-15 15:39:48,635 - 
Performance Metrics:
2025-05-15 15:39:48,635 - Settling Time: 1.450 s
2025-05-15 15:39:48,636 - Overshoot: 11.40%
2025-05-15 15:39:48,636 - Steady-State Error: 0.024388 m
2025-05-15 15:39:57,206 - 
Running simulation with OptimizedPIDController...
2025-05-15 15:39:57,210 - Time: 0.00s | Pos: -0.0000m | Error: -0.3000m | Vel: -0.0012m/s
2025-05-15 15:39:57,211 - P term: -0.2100 | I term: 0.0471 | D term: 0.0015
2025-05-15 15:39:57,212 - PID output: Beam angle = -0.1614 rad

2025-05-15 15:39:57,217 - Time: 0.00s | Pos: -0.0000m | Error: -0.3000m | Vel: -0.0050m/s
2025-05-15 15:39:57,217 - P term: -0.2100 | I term: 0.0464 | D term: 0.0060
2025-05-15 15:39:57,218 - PID output: Beam angle = -0.1576 rad

2025-05-15 15:39:57,224 - Time: 0.01s | Pos: -0.0001m | Error: -0.2999m | Vel: -0.0153m/s
2025-05-15 15:39:57,225 - P term: -0.2099 | I term: 0.0456 | D term: 0.0183
2025-05-15 15:39:57,226 - PID output: Beam angle = -0.1460 rad

2025-05-15 15:39:57,231 - Time: 0.04s | Pos: -0.0009m | Error: -0.2991m | Vel: -0.0406m/s
2025-05-15 15:39:57,232 - P term: -0.2094 | I term: 0.0448 | D term: 0.0487
2025-05-15 15:39:57,233 - PID output: Beam angle = -0.1159 rad

2025-05-15 15:39:57,238 - Time: 0.12s | Pos: -0.0057m | Error: -0.2943m | Vel: -0.0846m/s
2025-05-15 15:39:57,239 - P term: -0.2060 | I term: 0.0435 | D term: 0.1015
2025-05-15 15:39:57,240 - PID output: Beam angle = -0.0610 rad

2025-05-15 15:39:57,249 - Time: 0.31s | Pos: -0.0263m | Error: -0.2737m | Vel: -0.1205m/s
2025-05-15 15:39:57,249 - P term: -0.1916 | I term: 0.0407 | D term: 0.1446
2025-05-15 15:39:57,250 - PID output: Beam angle = -0.0063 rad

2025-05-15 15:39:57,257 - Time: 0.61s | Pos: -0.0623m | Error: -0.2377m | Vel: -0.1140m/s
2025-05-15 15:39:57,258 - P term: -0.1664 | I term: 0.0367 | D term: 0.1368
2025-05-15 15:39:57,261 - PID output: Beam angle = 0.0072 rad

2025-05-15 15:39:57,292 - Time: 0.95s | Pos: -0.0986m | Error: -0.2014m | Vel: -0.0961m/s
2025-05-15 15:39:57,294 - P term: -0.1410 | I term: 0.0329 | D term: 0.1153
2025-05-15 15:39:57,294 - PID output: Beam angle = 0.0072 rad

2025-05-15 15:39:57,310 - Time: 1.33s | Pos: -0.1315m | Error: -0.1685m | Vel: -0.0788m/s
2025-05-15 15:39:57,311 - P term: -0.1180 | I term: 0.0293 | D term: 0.0946
2025-05-15 15:39:57,312 - PID output: Beam angle = 0.0059 rad

2025-05-15 15:39:57,319 - Time: 1.72s | Pos: -0.1593m | Error: -0.1407m | Vel: -0.0642m/s
2025-05-15 15:39:57,320 - P term: -0.0985 | I term: 0.0263 | D term: 0.0770
2025-05-15 15:39:57,320 - PID output: Beam angle = 0.0048 rad

2025-05-15 15:39:57,328 - Time: 2.08s | Pos: -0.1805m | Error: -0.1195m | Vel: -0.0531m/s
2025-05-15 15:39:57,329 - P term: -0.0836 | I term: 0.0238 | D term: 0.0637
2025-05-15 15:39:57,329 - PID output: Beam angle = 0.0040 rad

2025-05-15 15:39:57,336 - Time: 2.45s | Pos: -0.1981m | Error: -0.1019m | Vel: -0.0440m/s
2025-05-15 15:39:57,336 - P term: -0.0713 | I term: 0.0218 | D term: 0.0528
2025-05-15 15:39:57,337 - PID output: Beam angle = 0.0033 rad

2025-05-15 15:39:57,344 - Time: 2.81s | Pos: -0.2128m | Error: -0.0872m | Vel: -0.0364m/s
2025-05-15 15:39:57,345 - P term: -0.0610 | I term: 0.0200 | D term: 0.0437
2025-05-15 15:39:57,345 - PID output: Beam angle = 0.0027 rad

2025-05-15 15:39:57,351 - Time: 3.15s | Pos: -0.2240m | Error: -0.0760m | Vel: -0.0306m/s
2025-05-15 15:39:57,352 - P term: -0.0532 | I term: 0.0186 | D term: 0.0368
2025-05-15 15:39:57,353 - PID output: Beam angle = 0.0022 rad

2025-05-15 15:39:57,360 - Time: 3.48s | Pos: -0.2335m | Error: -0.0665m | Vel: -0.0259m/s
2025-05-15 15:39:57,361 - P term: -0.0466 | I term: 0.0174 | D term: 0.0310
2025-05-15 15:39:57,362 - PID output: Beam angle = 0.0019 rad

2025-05-15 15:39:57,368 - Time: 3.82s | Pos: -0.2414m | Error: -0.0586m | Vel: -0.0218m/s
2025-05-15 15:39:57,368 - P term: -0.0410 | I term: 0.0164 | D term: 0.0262
2025-05-15 15:39:57,369 - PID output: Beam angle = 0.0016 rad

2025-05-15 15:39:57,375 - Time: 4.13s | Pos: -0.2476m | Error: -0.0524m | Vel: -0.0187m/s
2025-05-15 15:39:57,376 - P term: -0.0367 | I term: 0.0155 | D term: 0.0225
2025-05-15 15:39:57,376 - PID output: Beam angle = 0.0013 rad

2025-05-15 15:39:57,381 - Time: 4.43s | Pos: -0.2529m | Error: -0.0471m | Vel: -0.0161m/s
2025-05-15 15:39:57,382 - P term: -0.0330 | I term: 0.0147 | D term: 0.0194
2025-05-15 15:39:57,382 - PID output: Beam angle = 0.0011 rad

2025-05-15 15:39:57,392 - Time: 4.73s | Pos: -0.2574m | Error: -0.0426m | Vel: -0.0139m/s
2025-05-15 15:39:57,393 - P term: -0.0298 | I term: 0.0140 | D term: 0.0167
2025-05-15 15:39:57,395 - PID output: Beam angle = 0.0010 rad

2025-05-15 15:39:57,402 - Time: 5.00s | Pos: -0.2610m | Error: -0.0390m | Vel: -0.0122m/s
2025-05-15 15:39:57,403 - P term: -0.0273 | I term: 0.0135 | D term: 0.0147
2025-05-15 15:39:57,405 - PID output: Beam angle = 0.0008 rad

2025-05-15 15:39:57,410 - Time: 0.49s | Pos: -0.0486m | Error: -0.2514m | Vel: -0.1193m/s
2025-05-15 15:39:57,410 - P term: -0.1760 | I term: 0.0066 | D term: 0.1431
2025-05-15 15:39:57,411 - PID output: Beam angle = -0.0262 rad

2025-05-15 15:39:57,414 - Time: 0.99s | Pos: -0.1021m | Error: -0.1979m | Vel: -0.0942m/s
2025-05-15 15:39:57,415 - P term: -0.1385 | I term: 0.0010 | D term: 0.1131
2025-05-15 15:39:57,417 - PID output: Beam angle = -0.0244 rad

2025-05-15 15:39:57,420 - Time: 1.49s | Pos: -0.1436m | Error: -0.1564m | Vel: -0.0725m/s
2025-05-15 15:39:57,421 - P term: -0.1095 | I term: -0.0034 | D term: 0.0870
2025-05-15 15:39:57,422 - PID output: Beam angle = -0.0259 rad

2025-05-15 15:39:57,424 - Time: 1.99s | Pos: -0.1754m | Error: -0.1246m | Vel: -0.0558m/s
2025-05-15 15:39:57,425 - P term: -0.0872 | I term: -0.0068 | D term: 0.0669
2025-05-15 15:39:57,425 - PID output: Beam angle = -0.0271 rad

2025-05-15 15:39:57,428 - Time: 2.49s | Pos: -0.2000m | Error: -0.1000m | Vel: -0.0430m/s
2025-05-15 15:39:57,429 - P term: -0.0700 | I term: -0.0096 | D term: 0.0516
2025-05-15 15:39:57,430 - PID output: Beam angle = -0.0280 rad

2025-05-15 15:39:57,434 - Time: 2.99s | Pos: -0.2189m | Error: -0.0811m | Vel: -0.0332m/s
2025-05-15 15:39:57,435 - P term: -0.0567 | I term: -0.0119 | D term: 0.0399
2025-05-15 15:39:57,435 - PID output: Beam angle = -0.0287 rad

2025-05-15 15:39:57,437 - Time: 3.49s | Pos: -0.2336m | Error: -0.0664m | Vel: -0.0258m/s
2025-05-15 15:39:57,438 - P term: -0.0465 | I term: -0.0137 | D term: 0.0309
2025-05-15 15:39:57,438 - PID output: Beam angle = -0.0293 rad

2025-05-15 15:39:57,440 - Time: 3.99s | Pos: -0.2450m | Error: -0.0550m | Vel: -0.0201m/s
2025-05-15 15:39:57,441 - P term: -0.0385 | I term: -0.0152 | D term: 0.0241
2025-05-15 15:39:57,441 - PID output: Beam angle = -0.0297 rad

2025-05-15 15:39:57,444 - Time: 4.49s | Pos: -0.2539m | Error: -0.0461m | Vel: -0.0157m/s
2025-05-15 15:39:57,444 - P term: -0.0323 | I term: -0.0165 | D term: 0.0188
2025-05-15 15:39:57,445 - PID output: Beam angle = -0.0300 rad

2025-05-15 15:39:57,446 - Time: 4.99s | Pos: -0.2608m | Error: -0.0392m | Vel: -0.0123m/s
2025-05-15 15:39:57,447 - P term: -0.0274 | I term: -0.0175 | D term: 0.0148
2025-05-15 15:39:57,447 - PID output: Beam angle = -0.0302 rad

2025-05-15 15:39:57,450 - 
Performance Metrics:
2025-05-15 15:39:57,450 - Settling Time: 4.990 s
2025-05-15 15:39:57,451 - Overshoot: 0.00%
2025-05-15 15:39:57,451 - Steady-State Error: 0.039154 m
2025-05-15 15:39:59,004 - 
=== Test Case: Distant With Velocity ===
2025-05-15 15:39:59,005 - 
Running simulation with ImprovedFuzzyController...
2025-05-15 15:39:59,660 - Time: 0.03s | Pos: 0.6928m | Error: -0.8928m | Vel: -0.2420m/s
2025-05-15 15:39:59,661 - Scaled Error: -1.0000 | Scaled dError: 0.3024
2025-05-15 15:39:59,684 - Control output: Beam angle = -0.1682 rad

2025-05-15 15:40:01,248 - Time: 0.14s | Pos: 0.6610m | Error: -0.8610m | Vel: -0.3302m/s
2025-05-15 15:40:01,248 - Scaled Error: -1.0000 | Scaled dError: 0.4127
2025-05-15 15:40:01,272 - Control output: Beam angle = -0.0750 rad

2025-05-15 15:40:02,560 - Time: 0.41s | Pos: 0.5514m | Error: -0.7514m | Vel: -0.4684m/s
2025-05-15 15:40:02,560 - Scaled Error: -1.0000 | Scaled dError: 0.5855
2025-05-15 15:40:02,582 - Control output: Beam angle = -0.0638 rad

2025-05-15 15:40:04,150 - Time: 0.79s | Pos: 0.3476m | Error: -0.5476m | Vel: -0.5832m/s
2025-05-15 15:40:04,150 - Scaled Error: -1.0000 | Scaled dError: 0.7290
2025-05-15 15:40:04,168 - Control output: Beam angle = -0.0185 rad

2025-05-15 15:40:05,376 - Time: 1.11s | Pos: 0.1615m | Error: -0.3615m | Vel: -0.5971m/s
2025-05-15 15:40:05,377 - Scaled Error: -0.7230 | Scaled dError: 0.7464
2025-05-15 15:40:05,403 - Control output: Beam angle = 0.0190 rad

2025-05-15 15:40:06,807 - Time: 1.23s | Pos: 0.0913m | Error: -0.2913m | Vel: -0.5703m/s
2025-05-15 15:40:06,807 - Scaled Error: -0.5825 | Scaled dError: 0.7129
2025-05-15 15:40:06,856 - Control output: Beam angle = 0.0301 rad

2025-05-15 15:40:08,451 - Time: 1.40s | Pos: -0.0027m | Error: -0.1973m | Vel: -0.5164m/s
2025-05-15 15:40:08,452 - Scaled Error: -0.3946 | Scaled dError: 0.6454
2025-05-15 15:40:08,476 - Control output: Beam angle = 0.0530 rad

2025-05-15 15:40:09,964 - Time: 1.42s | Pos: -0.0105m | Error: -0.1895m | Vel: -0.5095m/s
2025-05-15 15:40:09,965 - Scaled Error: -0.3790 | Scaled dError: 0.6369
2025-05-15 15:40:09,985 - Control output: Beam angle = 0.0761 rad

2025-05-15 15:40:11,579 - Time: 1.58s | Pos: -0.0838m | Error: -0.1162m | Vel: -0.4044m/s
2025-05-15 15:40:11,579 - Scaled Error: -0.2324 | Scaled dError: 0.5055
2025-05-15 15:40:11,618 - Control output: Beam angle = 0.0783 rad

2025-05-15 15:40:12,823 - Time: 1.75s | Pos: -0.1468m | Error: -0.0532m | Vel: -0.3124m/s
2025-05-15 15:40:12,823 - Scaled Error: -0.1064 | Scaled dError: 0.3905
2025-05-15 15:40:12,848 - Control output: Beam angle = 0.0701 rad

2025-05-15 15:40:14,532 - Time: 1.88s | Pos: -0.1821m | Error: -0.0179m | Vel: -0.2536m/s
2025-05-15 15:40:14,533 - Scaled Error: -0.0359 | Scaled dError: 0.3170
2025-05-15 15:40:14,578 - Control output: Beam angle = 0.0750 rad

2025-05-15 15:40:16,415 - Time: 2.47s | Pos: -0.2822m | Error: 0.0822m | Vel: -0.0365m/s
2025-05-15 15:40:16,416 - Scaled Error: 0.1643 | Scaled dError: 0.0456
2025-05-15 15:40:16,444 - Control output: Beam angle = 0.0750 rad

2025-05-15 15:40:18,072 - Time: 2.23s | Pos: -0.2392m | Error: 0.0392m | Vel: -0.0790m/s
2025-05-15 15:40:18,073 - Scaled Error: 0.0784 | Scaled dError: 0.0987
2025-05-15 15:40:18,113 - Control output: Beam angle = 0.0471 rad

2025-05-15 15:40:19,752 - Time: 2.40s | Pos: -0.2485m | Error: 0.0485m | Vel: -0.0292m/s
2025-05-15 15:40:19,753 - Scaled Error: 0.0969 | Scaled dError: 0.0365
2025-05-15 15:40:19,801 - Control output: Beam angle = 0.0459 rad

2025-05-15 15:40:21,533 - Time: 2.65s | Pos: -0.2456m | Error: 0.0456m | Vel: 0.0505m/s
2025-05-15 15:40:21,533 - Scaled Error: 0.0911 | Scaled dError: -0.0631
2025-05-15 15:40:21,559 - Control output: Beam angle = 0.0237 rad

2025-05-15 15:40:23,194 - Time: 2.61s | Pos: -0.2471m | Error: 0.0471m | Vel: 0.0412m/s
2025-05-15 15:40:23,195 - Scaled Error: 0.0943 | Scaled dError: -0.0515
2025-05-15 15:40:23,241 - Control output: Beam angle = 0.0417 rad

2025-05-15 15:40:25,025 - Time: 2.76s | Pos: -0.2394m | Error: 0.0394m | Vel: 0.0592m/s
2025-05-15 15:40:25,026 - Scaled Error: 0.0787 | Scaled dError: -0.0740
2025-05-15 15:40:25,059 - Control output: Beam angle = 0.0038 rad

2025-05-15 15:40:26,792 - Time: 3.06s | Pos: -0.2228m | Error: 0.0228m | Vel: 0.0443m/s
2025-05-15 15:40:26,793 - Scaled Error: 0.0457 | Scaled dError: -0.0553
2025-05-15 15:40:26,833 - Control output: Beam angle = -0.0075 rad

2025-05-15 15:40:28,494 - Time: 3.21s | Pos: -0.2168m | Error: 0.0168m | Vel: 0.0407m/s
2025-05-15 15:40:28,496 - Scaled Error: 0.0335 | Scaled dError: -0.0508
2025-05-15 15:40:28,622 - Control output: Beam angle = -0.0014 rad

2025-05-15 15:40:29,942 - Time: 3.93s | Pos: -0.1884m | Error: -0.0116m | Vel: 0.0392m/s
2025-05-15 15:40:29,943 - Scaled Error: -0.0233 | Scaled dError: -0.0491
2025-05-15 15:40:29,971 - Control output: Beam angle = -0.0000 rad

2025-05-15 15:40:31,493 - Time: 4.30s | Pos: -0.1738m | Error: -0.0262m | Vel: 0.0387m/s
2025-05-15 15:40:31,493 - Scaled Error: -0.0525 | Scaled dError: -0.0484
2025-05-15 15:40:31,522 - Control output: Beam angle = -0.0036 rad

2025-05-15 15:40:33,162 - Time: 4.54s | Pos: -0.1667m | Error: -0.0333m | Vel: 0.0162m/s
2025-05-15 15:40:33,163 - Scaled Error: -0.0666 | Scaled dError: -0.0203
2025-05-15 15:40:33,201 - Control output: Beam angle = -0.0207 rad

2025-05-15 15:40:34,916 - Time: 4.88s | Pos: -0.1699m | Error: -0.0301m | Vel: -0.0322m/s
2025-05-15 15:40:34,916 - Scaled Error: -0.0602 | Scaled dError: 0.0402
2025-05-15 15:40:34,936 - Control output: Beam angle = -0.0135 rad

2025-05-15 15:40:36,565 - Time: 0.39s | Pos: 0.5627m | Error: -0.7627m | Vel: -0.4571m/s
2025-05-15 15:40:36,566 - Scaled Error: -1.0000 | Scaled dError: 0.5714
2025-05-15 15:40:36,589 - Control output: Beam angle = -0.0657 rad

2025-05-15 15:40:38,350 - Time: 0.89s | Pos: 0.2914m | Error: -0.4914m | Vel: -0.5923m/s
2025-05-15 15:40:38,351 - Scaled Error: -0.9829 | Scaled dError: 0.7404
2025-05-15 15:40:38,396 - Control output: Beam angle = -0.0094 rad

2025-05-15 15:40:40,144 - Time: 1.39s | Pos: 0.0028m | Error: -0.2028m | Vel: -0.5198m/s
2025-05-15 15:40:40,145 - Scaled Error: -0.4055 | Scaled dError: 0.6498
2025-05-15 15:40:40,173 - Control output: Beam angle = 0.0430 rad

2025-05-15 15:40:41,861 - Time: 1.89s | Pos: -0.1854m | Error: -0.0146m | Vel: -0.2467m/s
2025-05-15 15:40:41,861 - Scaled Error: -0.0292 | Scaled dError: 0.3083
2025-05-15 15:40:41,907 - Control output: Beam angle = 0.0750 rad

2025-05-15 15:40:43,460 - Time: 2.39s | Pos: -0.2482m | Error: 0.0482m | Vel: -0.0320m/s
2025-05-15 15:40:43,461 - Scaled Error: 0.0964 | Scaled dError: 0.0400
2025-05-15 15:40:43,480 - Control output: Beam angle = 0.0455 rad

2025-05-15 15:40:44,978 - Time: 2.89s | Pos: -0.2317m | Error: 0.0317m | Vel: 0.0570m/s
2025-05-15 15:40:44,979 - Scaled Error: 0.0635 | Scaled dError: -0.0712
2025-05-15 15:40:45,018 - Control output: Beam angle = -0.0076 rad

2025-05-15 15:40:46,761 - Time: 3.39s | Pos: -0.2095m | Error: 0.0095m | Vel: 0.0397m/s
2025-05-15 15:40:46,761 - Scaled Error: 0.0191 | Scaled dError: -0.0496
2025-05-15 15:40:46,805 - Control output: Beam angle = -0.0004 rad

2025-05-15 15:40:48,339 - Time: 3.89s | Pos: -0.1899m | Error: -0.0101m | Vel: 0.0393m/s
2025-05-15 15:40:48,339 - Scaled Error: -0.0203 | Scaled dError: -0.0491
2025-05-15 15:40:48,376 - Control output: Beam angle = -0.0000 rad

2025-05-15 15:40:49,878 - Time: 4.39s | Pos: -0.1705m | Error: -0.0295m | Vel: 0.0337m/s
2025-05-15 15:40:49,879 - Scaled Error: -0.0590 | Scaled dError: -0.0421
2025-05-15 15:40:49,904 - Control output: Beam angle = -0.0122 rad

2025-05-15 15:40:51,250 - Time: 4.89s | Pos: -0.1702m | Error: -0.0298m | Vel: -0.0331m/s
2025-05-15 15:40:51,250 - Scaled Error: -0.0595 | Scaled dError: 0.0413
2025-05-15 15:40:51,277 - Control output: Beam angle = -0.0128 rad

2025-05-15 15:40:51,503 - 
Performance Metrics:
2025-05-15 15:40:51,503 - Settling Time: 3.540 s
2025-05-15 15:40:51,503 - Overshoot: 24.89%
2025-05-15 15:40:51,504 - Steady-State Error: 0.026122 m
2025-05-15 15:45:26,875 - 
Running simulation with OptimizedPIDController...
2025-05-15 15:45:26,880 - Time: 0.05s | Pos: 0.6884m | Error: -0.8884m | Vel: -0.3073m/s
2025-05-15 15:45:26,881 - P term: -0.6219 | I term: -0.0217 | D term: 0.3688
2025-05-15 15:45:26,882 - PID output: Beam angle = -0.2747 rad

2025-05-15 15:45:26,886 - Time: 0.25s | Pos: 0.6040m | Error: -0.8040m | Vel: -0.4738m/s
2025-05-15 15:45:26,887 - P term: -0.5628 | I term: -0.0305 | D term: 0.5685
2025-05-15 15:45:26,887 - PID output: Beam angle = -0.0248 rad

2025-05-15 15:45:26,894 - Time: 0.60s | Pos: 0.4404m | Error: -0.6404m | Vel: -0.4355m/s
2025-05-15 15:45:26,895 - P term: -0.4483 | I term: -0.0435 | D term: 0.5226
2025-05-15 15:45:26,896 - PID output: Beam angle = 0.0308 rad

2025-05-15 15:45:26,903 - Time: 1.03s | Pos: 0.2718m | Error: -0.4718m | Vel: -0.3419m/s
2025-05-15 15:45:26,904 - P term: -0.3303 | I term: -0.0500 | D term: 0.4103
2025-05-15 15:45:26,906 - PID output: Beam angle = 0.0301 rad

2025-05-15 15:45:26,915 - Time: 2.13s | Pos: 0.0004m | Error: -0.2004m | Vel: -0.1715m/s
2025-05-15 15:45:26,916 - P term: -0.1403 | I term: -0.0500 | D term: 0.2058
2025-05-15 15:45:26,916 - PID output: Beam angle = 0.0155 rad

2025-05-15 15:45:26,926 - Time: 4.03s | Pos: -0.1893m | Error: -0.0107m | Vel: -0.0518m/s
2025-05-15 15:45:26,927 - P term: -0.0075 | I term: -0.0500 | D term: 0.0622
2025-05-15 15:45:26,928 - PID output: Beam angle = 0.0047 rad

2025-05-15 15:45:26,936 - Time: 4.47s | Pos: -0.2092m | Error: 0.0092m | Vel: -0.0391m/s
2025-05-15 15:45:26,937 - P term: 0.0065 | I term: -0.0498 | D term: 0.0469
2025-05-15 15:45:26,937 - PID output: Beam angle = 0.0036 rad

2025-05-15 15:45:26,951 - Time: 4.80s | Pos: -0.2208m | Error: 0.0208m | Vel: -0.0314m/s
2025-05-15 15:45:26,957 - P term: 0.0145 | I term: -0.0492 | D term: 0.0377
2025-05-15 15:45:26,959 - PID output: Beam angle = 0.0030 rad

2025-05-15 15:45:26,970 - Time: 0.33s | Pos: 0.5642m | Error: -0.7642m | Vel: -0.4784m/s
2025-05-15 15:45:26,970 - P term: -0.5349 | I term: -0.0500 | D term: 0.5741
2025-05-15 15:45:26,971 - PID output: Beam angle = -0.0108 rad

2025-05-15 15:45:26,974 - Time: 0.83s | Pos: 0.3455m | Error: -0.5455m | Vel: -0.3854m/s
2025-05-15 15:45:26,975 - P term: -0.3819 | I term: -0.0500 | D term: 0.4625
2025-05-15 15:45:26,976 - PID output: Beam angle = 0.0306 rad

2025-05-15 15:45:26,978 - Time: 1.33s | Pos: 0.1790m | Error: -0.3790m | Vel: -0.2841m/s
2025-05-15 15:45:26,979 - P term: -0.2653 | I term: -0.0500 | D term: 0.3409
2025-05-15 15:45:26,980 - PID output: Beam angle = 0.0256 rad

2025-05-15 15:45:26,982 - Time: 1.83s | Pos: 0.0572m | Error: -0.2572m | Vel: -0.2073m/s
2025-05-15 15:45:26,984 - P term: -0.1800 | I term: -0.0500 | D term: 0.2487
2025-05-15 15:45:26,985 - PID output: Beam angle = 0.0187 rad

2025-05-15 15:45:26,991 - Time: 2.33s | Pos: -0.0317m | Error: -0.1683m | Vel: -0.1512m/s
2025-05-15 15:45:26,991 - P term: -0.1178 | I term: -0.0500 | D term: 0.1815
2025-05-15 15:45:26,992 - PID output: Beam angle = 0.0137 rad

2025-05-15 15:45:26,996 - Time: 2.83s | Pos: -0.0966m | Error: -0.1034m | Vel: -0.1103m/s
2025-05-15 15:45:26,997 - P term: -0.0724 | I term: -0.0500 | D term: 0.1324
2025-05-15 15:45:26,998 - PID output: Beam angle = 0.0100 rad

2025-05-15 15:45:27,001 - Time: 3.33s | Pos: -0.1439m | Error: -0.0561m | Vel: -0.0805m/s
2025-05-15 15:45:27,002 - P term: -0.0393 | I term: -0.0500 | D term: 0.0966
2025-05-15 15:45:27,003 - PID output: Beam angle = 0.0073 rad

2025-05-15 15:45:27,005 - Time: 3.83s | Pos: -0.1784m | Error: -0.0216m | Vel: -0.0587m/s
2025-05-15 15:45:27,006 - P term: -0.0151 | I term: -0.0500 | D term: 0.0704
2025-05-15 15:45:27,006 - PID output: Beam angle = 0.0053 rad

2025-05-15 15:45:27,009 - Time: 4.33s | Pos: -0.2035m | Error: 0.0035m | Vel: -0.0427m/s
2025-05-15 15:45:27,010 - P term: 0.0025 | I term: -0.0500 | D term: 0.0513
2025-05-15 15:45:27,010 - PID output: Beam angle = 0.0037 rad

2025-05-15 15:45:27,013 - Time: 4.83s | Pos: -0.2218m | Error: 0.0218m | Vel: -0.0307m/s
2025-05-15 15:45:27,013 - P term: 0.0152 | I term: -0.0497 | D term: 0.0369
2025-05-15 15:45:27,014 - PID output: Beam angle = 0.0025 rad

2025-05-15 15:45:27,019 - 
Performance Metrics:
2025-05-15 15:45:27,019 - Settling Time: 4.990 s
2025-05-15 15:45:27,020 - Overshoot: 13.22%
2025-05-15 15:45:27,020 - Steady-State Error: 0.026439 m
2025-05-15 15:45:28,363 - 
Performance Comparison:
2025-05-15 15:45:28,364 - Test Case             | Controller | Settling Time (s) | Overshoot (%) | Steady-State Error (m)
2025-05-15 15:45:28,365 - -----------------------------------------------------------------------------------------------
2025-05-15 15:45:28,365 - Standard Case         | Fuzzy      | 3.050             | 6.97          | 0.012920              
2025-05-15 15:45:28,366 -                       | PID        | 3.690             | 5.40          | 0.027008              
2025-05-15 15:45:28,366 - Distant Start         | Fuzzy      | 4.140             | 9.36          | 0.023769              
2025-05-15 15:45:28,367 -                       | PID        | 4.660             | 1.07          | 0.005373              
2025-05-15 15:45:28,368 - Initial Velocity      | Fuzzy      | 2.780             | 7.19          | 0.002545              
2025-05-15 15:45:28,368 -                       | PID        | 3.120             | 9.05          | 0.045258              
2025-05-15 15:45:28,369 - Negative Setpoint     | Fuzzy      | 1.450             | 11.40         | 0.024388              
2025-05-15 15:45:28,370 -                       | PID        | 4.990             | 0.00          | 0.039154              
2025-05-15 15:45:28,371 - Distant With Velocity | Fuzzy      | 3.540             | 24.89         | 0.026122              
2025-05-15 15:45:28,371 -                       | PID        | 4.990             | 13.22         | 0.026439              
2025-05-15 15:45:28,372 - -----------------------------------------------------------------------------------------------
2025-05-15 15:45:28,373 - Average | Fuzzy | 2.992 | 11.96 | 0.017949
2025-05-15 15:45:28,374 -  | PID | 4.290 | 5.75 | 0.028646
2025-05-15 15:45:28,401 - Results saved to results/controller_results_20250515_154528.csv
2025-05-15 15:45:28,651 - MovieWriter ffmpeg unavailable; using Pillow instead.
2025-05-15 15:45:28,651 - Animation.save using <class 'matplotlib.animation.PillowWriter'>
2025-05-15 15:45:51,992 - Could not save animation: unknown file extension: .mp4
2025-05-15 15:45:51,993 - You may need to install ffmpeg to save animations.
2025-05-15 15:45:52,250 - MovieWriter ffmpeg unavailable; using Pillow instead.
2025-05-15 15:45:52,250 - Animation.save using <class 'matplotlib.animation.PillowWriter'>
2025-05-15 15:46:36,008 - Could not save animation: unknown file extension: .mp4
2025-05-15 15:46:36,009 - You may need to install ffmpeg to save animations.
2025-05-15 15:46:36,208 - 
Testing complete. Results and animations saved to the 'results' directory.
