2025-05-16 00:43:17,635 - Starting ball and beam simulation
2025-05-16 00:43:18,325 - 
=== Test Case: Standard Case ===
2025-05-16 00:43:18,325 - 
Running simulation with ImprovedFuzzyController...
2025-05-16 00:43:18,350 - Error in fuzzy computation: 'angle'
2025-05-16 00:43:18,351 - Using fallback control: Beam angle = 0.1000 rad

2025-05-16 00:43:18,393 - Error in fuzzy computation: 'angle'
2025-05-16 00:43:18,393 - Using fallback control: Beam angle = 0.1000 rad

2025-05-16 00:43:18,421 - Error in fuzzy computation: 'angle'
2025-05-16 00:43:18,421 - Using fallback control: Beam angle = 0.1000 rad

2025-05-16 00:43:18,468 - Error in fuzzy computation: 'angle'
2025-05-16 00:43:18,469 - Using fallback control: Beam angle = 0.1000 rad

2025-05-16 00:43:18,497 - Error in fuzzy computation: 'angle'
2025-05-16 00:43:18,497 - Using fallback control: Beam angle = 0.1000 rad

2025-05-16 00:43:18,532 - Error in fuzzy computation: 'angle'
2025-05-16 00:43:18,534 - Using fallback control: Beam angle = 0.1000 rad

2025-05-16 00:43:18,612 - Error in fuzzy computation: 'angle'
2025-05-16 00:43:18,614 - Using fallback control: Beam angle = 0.1000 rad

2025-05-16 00:43:18,664 - Error in fuzzy computation: 'angle'
2025-05-16 00:43:18,665 - Using fallback control: Beam angle = 0.1000 rad

2025-05-16 00:43:18,687 - Error in fuzzy computation: 'angle'
2025-05-16 00:43:18,688 - Using fallback control: Beam angle = 0.0999 rad

2025-05-16 00:43:18,707 - Error in fuzzy computation: 'angle'
2025-05-16 00:43:18,708 - Using fallback control: Beam angle = 0.0999 rad

2025-05-16 00:43:18,729 - Error in fuzzy computation: 'angle'
2025-05-16 00:43:18,729 - Using fallback control: Beam angle = 0.0998 rad

2025-05-16 00:43:18,756 - Error in fuzzy computation: 'angle'
2025-05-16 00:43:18,756 - Using fallback control: Beam angle = 0.0998 rad

2025-05-16 00:43:18,781 - Error in fuzzy computation: 'angle'
2025-05-16 00:43:18,781 - Using fallback control: Beam angle = 0.0998 rad

2025-05-16 00:43:18,808 - Error in fuzzy computation: 'angle'
2025-05-16 00:43:18,809 - Using fallback control: Beam angle = 0.0998 rad

2025-05-16 00:43:18,850 - Error in fuzzy computation: 'angle'
2025-05-16 00:43:18,851 - Using fallback control: Beam angle = 0.0994 rad

2025-05-16 00:43:18,883 - Error in fuzzy computation: 'angle'
2025-05-16 00:43:18,883 - Using fallback control: Beam angle = 0.0991 rad

2025-05-16 00:43:18,909 - Error in fuzzy computation: 'angle'
2025-05-16 00:43:18,910 - Using fallback control: Beam angle = 0.0981 rad

2025-05-16 00:43:18,931 - Error in fuzzy computation: 'angle'
2025-05-16 00:43:18,931 - Using fallback control: Beam angle = 0.0979 rad

2025-05-16 00:43:18,951 - Error in fuzzy computation: 'angle'
2025-05-16 00:43:18,951 - Using fallback control: Beam angle = 0.0977 rad

2025-05-16 00:43:18,972 - Error in fuzzy computation: 'angle'
2025-05-16 00:43:18,972 - Using fallback control: Beam angle = 0.0977 rad

2025-05-16 00:43:18,997 - Error in fuzzy computation: 'angle'
2025-05-16 00:43:18,997 - Using fallback control: Beam angle = 0.0955 rad

2025-05-16 00:43:19,021 - Error in fuzzy computation: 'angle'
2025-05-16 00:43:19,021 - Using fallback control: Beam angle = 0.0944 rad

2025-05-16 00:43:19,052 - Error in fuzzy computation: 'angle'
2025-05-16 00:43:19,052 - Using fallback control: Beam angle = 0.0890 rad

2025-05-16 00:43:19,078 - Error in fuzzy computation: 'angle'
2025-05-16 00:43:19,078 - Using fallback control: Beam angle = 0.0880 rad

2025-05-16 00:43:19,101 - Error in fuzzy computation: 'angle'
2025-05-16 00:43:19,101 - Using fallback control: Beam angle = 0.0869 rad

2025-05-16 00:43:19,122 - Error in fuzzy computation: 'angle'
2025-05-16 00:43:19,122 - Using fallback control: Beam angle = 0.0869 rad

2025-05-16 00:43:19,146 - Error in fuzzy computation: 'angle'
2025-05-16 00:43:19,146 - Using fallback control: Beam angle = 0.0844 rad

2025-05-16 00:43:19,173 - Error in fuzzy computation: 'angle'
2025-05-16 00:43:19,173 - Using fallback control: Beam angle = 0.0833 rad

2025-05-16 00:43:19,198 - Error in fuzzy computation: 'angle'
2025-05-16 00:43:19,198 - Using fallback control: Beam angle = 0.0774 rad

2025-05-16 00:43:19,233 - Error in fuzzy computation: 'angle'
2025-05-16 00:43:19,233 - Using fallback control: Beam angle = 0.0764 rad

2025-05-16 00:43:19,262 - Error in fuzzy computation: 'angle'
2025-05-16 00:43:19,262 - Using fallback control: Beam angle = 0.0752 rad

2025-05-16 00:43:19,284 - Error in fuzzy computation: 'angle'
2025-05-16 00:43:19,285 - Using fallback control: Beam angle = 0.0752 rad

2025-05-16 00:43:19,309 - Error in fuzzy computation: 'angle'
2025-05-16 00:43:19,309 - Using fallback control: Beam angle = 0.0725 rad

2025-05-16 00:43:19,329 - Error in fuzzy computation: 'angle'
2025-05-16 00:43:19,329 - Using fallback control: Beam angle = 0.0712 rad

2025-05-16 00:43:19,350 - Error in fuzzy computation: 'angle'
2025-05-16 00:43:19,351 - Using fallback control: Beam angle = 0.0648 rad

2025-05-16 00:43:19,414 - Error in fuzzy computation: 'angle'
2025-05-16 00:43:19,414 - Using fallback control: Beam angle = 0.0636 rad

2025-05-16 00:43:19,440 - Error in fuzzy computation: 'angle'
2025-05-16 00:43:19,440 - Using fallback control: Beam angle = 0.0623 rad

2025-05-16 00:43:19,463 - Error in fuzzy computation: 'angle'
2025-05-16 00:43:19,463 - Using fallback control: Beam angle = 0.0623 rad

2025-05-16 00:43:19,484 - Error in fuzzy computation: 'angle'
2025-05-16 00:43:19,485 - Using fallback control: Beam angle = 0.0595 rad

2025-05-16 00:43:19,504 - Error in fuzzy computation: 'angle'
2025-05-16 00:43:19,504 - Using fallback control: Beam angle = 0.0581 rad

2025-05-16 00:43:19,528 - Error in fuzzy computation: 'angle'
2025-05-16 00:43:19,529 - Using fallback control: Beam angle = 0.0515 rad

2025-05-16 00:43:19,555 - Error in fuzzy computation: 'angle'
2025-05-16 00:43:19,556 - Using fallback control: Beam angle = 0.0503 rad

2025-05-16 00:43:19,587 - Error in fuzzy computation: 'angle'
2025-05-16 00:43:19,587 - Using fallback control: Beam angle = 0.0489 rad

2025-05-16 00:43:19,608 - Error in fuzzy computation: 'angle'
2025-05-16 00:43:19,608 - Using fallback control: Beam angle = 0.0490 rad

2025-05-16 00:43:19,630 - Error in fuzzy computation: 'angle'
2025-05-16 00:43:19,631 - Using fallback control: Beam angle = 0.0462 rad

2025-05-16 00:43:19,652 - Error in fuzzy computation: 'angle'
2025-05-16 00:43:19,652 - Using fallback control: Beam angle = 0.0448 rad

2025-05-16 00:43:19,671 - Error in fuzzy computation: 'angle'
2025-05-16 00:43:19,672 - Using fallback control: Beam angle = 0.0383 rad

2025-05-16 00:43:19,693 - Error in fuzzy computation: 'angle'
2025-05-16 00:43:19,694 - Using fallback control: Beam angle = 0.0372 rad

2025-05-16 00:43:19,713 - Error in fuzzy computation: 'angle'
2025-05-16 00:43:19,713 - Using fallback control: Beam angle = 0.0359 rad

2025-05-16 00:43:19,714 - Time: 0.41s | Pos: 0.0438m | Error: 0.4562m | Vel: 0.1843m/s
2025-05-16 00:43:19,714 - Scaled Error: 0.9123 | Scaled dError: -0.2304
2025-05-16 00:43:19,734 - Error in fuzzy computation: 'angle'
2025-05-16 00:43:19,735 - Using fallback control: Beam angle = 0.0359 rad

2025-05-16 00:43:19,756 - Error in fuzzy computation: 'angle'
2025-05-16 00:43:19,756 - Using fallback control: Beam angle = 0.0333 rad

2025-05-16 00:43:19,787 - Error in fuzzy computation: 'angle'
2025-05-16 00:43:19,788 - Using fallback control: Beam angle = 0.0320 rad

2025-05-16 00:43:19,818 - Error in fuzzy computation: 'angle'
2025-05-16 00:43:19,819 - Using fallback control: Beam angle = 0.0260 rad

2025-05-16 00:43:19,844 - Error in fuzzy computation: 'angle'
2025-05-16 00:43:19,844 - Using fallback control: Beam angle = 0.0249 rad

